<?xml version="1.0" encoding="UTF-8"?>
<coverage generated="1684519383907" clover="3.2.0">
  <project timestamp="1684519383907" name="All files">
    <metrics statements="81" coveredstatements="58" conditionals="14" coveredconditionals="11" methods="30" coveredmethods="20" elements="125" coveredelements="89" complexity="0" loc="81" ncloc="81" packages="1" files="3" classes="3"/>
    <file name="NavBar.vue" path="C:\Users\sting\OneDrive\Pulpit\STUDIA CO TO JEST\Semestr 7\Inżynierka\ToDoApp\Todofy\frontend\src\components\NavBar.vue">
      <metrics statements="15" coveredstatements="15" conditionals="0" coveredconditionals="0" methods="4" coveredmethods="4"/>
      <line num="4" count="1" type="stmt"/>
      <line num="7" count="1" type="stmt"/>
      <line num="8" count="1" type="stmt"/>
      <line num="13" count="1" type="stmt"/>
      <line num="15" count="1" type="stmt"/>
      <line num="18" count="1" type="stmt"/>
      <line num="19" count="1" type="stmt"/>
      <line num="21" count="2" type="stmt"/>
      <line num="22" count="2" type="stmt"/>
      <line num="23" count="2" type="stmt"/>
      <line num="24" count="2" type="stmt"/>
      <line num="27" count="2" type="stmt"/>
      <line num="30" count="2" type="stmt"/>
      <line num="31" count="2" type="stmt"/>
      <line num="40" count="1" type="stmt"/>
    </file>
    <file name="TaskForm.vue" path="C:\Users\sting\OneDrive\Pulpit\STUDIA CO TO JEST\Semestr 7\Inżynierka\ToDoApp\Todofy\frontend\src\components\TaskForm.vue">
      <metrics statements="34" coveredstatements="18" conditionals="10" coveredconditionals="7" methods="11" coveredmethods="5"/>
      <line num="4" count="1" type="stmt"/>
      <line num="7" count="1" type="stmt"/>
      <line num="15" count="1" type="stmt"/>
      <line num="21" count="1" type="stmt"/>
      <line num="28" count="1" type="cond" truecount="1" falsecount="1"/>
      <line num="29" count="0" type="stmt"/>
      <line num="30" count="0" type="stmt"/>
      <line num="31" count="0" type="stmt"/>
      <line num="32" count="0" type="stmt"/>
      <line num="37" count="0" type="stmt"/>
      <line num="46" count="0" type="stmt"/>
      <line num="51" count="0" type="stmt"/>
      <line num="56" count="0" type="stmt"/>
      <line num="57" count="0" type="cond" truecount="0" falsecount="2"/>
      <line num="58" count="0" type="stmt"/>
      <line num="69" count="0" type="stmt"/>
      <line num="80" count="0" type="stmt"/>
      <line num="82" count="0" type="stmt"/>
      <line num="89" count="1" type="stmt"/>
      <line num="91" count="1" type="stmt"/>
      <line num="94" count="1" type="stmt"/>
      <line num="95" count="1" type="stmt"/>
      <line num="97" count="1" type="stmt"/>
      <line num="98" count="1" type="stmt"/>
      <line num="99" count="1" type="stmt"/>
      <line num="100" count="1" type="stmt"/>
      <line num="101" count="1" type="stmt"/>
      <line num="102" count="1" type="stmt"/>
      <line num="106" count="1" type="stmt"/>
      <line num="108" count="0" type="cond" truecount="2" falsecount="0"/>
      <line num="113" count="0" type="cond" truecount="2" falsecount="0"/>
      <line num="118" count="0" type="cond" truecount="2" falsecount="0"/>
      <line num="124" count="1" type="stmt"/>
      <line num="130" count="1" type="stmt"/>
    </file>
    <file name="TaskList.vue" path="C:\Users\sting\OneDrive\Pulpit\STUDIA CO TO JEST\Semestr 7\Inżynierka\ToDoApp\Todofy\frontend\src\components\TaskList.vue">
      <metrics statements="32" coveredstatements="25" conditionals="4" coveredconditionals="4" methods="15" coveredmethods="11"/>
      <line num="4" count="1" type="stmt"/>
      <line num="7" count="1" type="stmt"/>
      <line num="15" count="1" type="stmt"/>
      <line num="18" count="1" type="stmt"/>
      <line num="23" count="1" type="stmt"/>
      <line num="27" count="1" type="stmt"/>
      <line num="28" count="1" type="stmt"/>
      <line num="38" count="0" type="stmt"/>
      <line num="40" count="0" type="stmt"/>
      <line num="44" count="0" type="stmt"/>
      <line num="47" count="0" type="stmt"/>
      <line num="57" count="0" type="stmt"/>
      <line num="63" count="1" type="stmt"/>
      <line num="65" count="1" type="stmt"/>
      <line num="68" count="1" type="stmt"/>
      <line num="69" count="1" type="stmt"/>
      <line num="70" count="1" type="stmt"/>
      <line num="73" count="1" type="stmt"/>
      <line num="74" count="1" type="stmt"/>
      <line num="75" count="1" type="stmt"/>
      <line num="76" count="1" type="stmt"/>
      <line num="77" count="1" type="stmt"/>
      <line num="80" count="1" type="stmt"/>
      <line num="81" count="1" type="stmt"/>
      <line num="82" count="2" type="stmt"/>
      <line num="98" count="0" type="stmt"/>
      <line num="100" count="2" type="stmt"/>
      <line num="104" count="2" type="stmt"/>
      <line num="112" count="0" type="stmt"/>
      <line num="114" count="2" type="stmt"/>
      <line num="117" count="2" type="stmt"/>
      <line num="130" count="1" type="stmt"/>
    </file>
  </project>
</coverage>
