{"C:\\Users\\sting\\OneDrive\\Pulpit\\STUDIA CO TO JEST\\Semestr 7\\Inżynierka\\ToDoApp\\Todofy\\frontend\\src\\components\\NavBar.vue": {"path":"C:\\Users\\sting\\OneDrive\\Pulpit\\STUDIA CO TO JEST\\Semestr 7\\Inżynierka\\ToDoApp\\Todofy\\frontend\\src\\components\\NavBar.vue","statementMap":{"0":{"start":{"line":4,"column":0},"end":{"line":6,"column":3}},"1":{"start":{"line":7,"column":0},"end":{"line":7,"column":25}},"2":{"start":{"line":8,"column":15},"end":{"line":10,"column":1}},"3":{"start":{"line":13,"column":0},"end":{"line":13,"column":13}},"4":{"start":{"line":15,"column":0},"end":{"line":17,"column":3}},"5":{"start":{"line":18,"column":0},"end":{"line":18,"column":24}},"6":{"start":{"line":19,"column":11},"end":{"line":19,"column":25}},"7":{"start":{"line":21,"column":37},"end":{"line":21,"column":82}},"8":{"start":{"line":22,"column":31},"end":{"line":22,"column":70}},"9":{"start":{"line":23,"column":33},"end":{"line":23,"column":74}},"10":{"start":{"line":24,"column":2},"end":{"line":39,"column":5}},"11":{"start":{"line":27,"column":37},"end":{"line":36,"column":7}},"12":{"start":{"line":30,"column":39},"end":{"line":33,"column":9}},"13":{"start":{"line":31,"column":41},"end":{"line":31,"column":78}},"14":{"start":{"line":40,"column":2},"end":{"line":40,"column":49}}},"fnMap":{"0":{"name":"render","decl":{"start":{"line":20,"column":9},"end":{"line":20,"column":15}},"loc":{"start":{"line":20,"column":30},"end":{"line":40,"column":1}},"line":20},"1":{"name":"(anonymous_1)","decl":{"start":{"line":27,"column":31},"end":{"line":27,"column":32}},"loc":{"start":{"line":27,"column":37},"end":{"line":36,"column":7}},"line":27},"2":{"name":"(anonymous_2)","decl":{"start":{"line":30,"column":33},"end":{"line":30,"column":34}},"loc":{"start":{"line":30,"column":39},"end":{"line":33,"column":9}},"line":30},"3":{"name":"(anonymous_3)","decl":{"start":{"line":31,"column":35},"end":{"line":31,"column":36}},"loc":{"start":{"line":31,"column":41},"end":{"line":31,"column":78}},"line":31}},"branchMap":{},"s":{"0":1,"1":1,"2":1,"3":1,"4":1,"5":1,"6":1,"7":2,"8":2,"9":2,"10":2,"11":2,"12":2,"13":2,"14":1},"f":{"0":2,"1":2,"2":2,"3":2},"b":{},"inputSourceMap":{"0":"{","1":"\"","2":"v","3":"e","4":"r","5":"s","6":"i","7":"o","8":"n","9":"\"","10":":","11":"3","12":",","13":"\"","14":"s","15":"o","16":"u","17":"r","18":"c","19":"e","20":"s","21":"\"","22":":","23":"[","24":"\"","25":"C","26":":","27":"\\","28":"\\","29":"U","30":"s","31":"e","32":"r","33":"s","34":"\\","35":"\\","36":"s","37":"t","38":"i","39":"n","40":"g","41":"\\","42":"\\","43":"O","44":"n","45":"e","46":"D","47":"r","48":"i","49":"v","50":"e","51":"\\","52":"\\","53":"P","54":"u","55":"l","56":"p","57":"i","58":"t","59":"\\","60":"\\","61":"S","62":"T","63":"U","64":"D","65":"I","66":"A","67":" ","68":"C","69":"O","70":" ","71":"T","72":"O","73":" ","74":"J","75":"E","76":"S","77":"T","78":"\\","79":"\\","80":"S","81":"e","82":"m","83":"e","84":"s","85":"t","86":"r","87":" ","88":"7","89":"\\","90":"\\","91":"I","92":"n","93":"ż","94":"y","95":"n","96":"i","97":"e","98":"r","99":"k","100":"a","101":"\\","102":"\\","103":"T","104":"o","105":"D","106":"o","107":"A","108":"p","109":"p","110":"\\","111":"\\","112":"T","113":"o","114":"d","115":"o","116":"f","117":"y","118":"\\","119":"\\","120":"f","121":"r","122":"o","123":"n","124":"t","125":"e","126":"n","127":"d","128":"\\","129":"\\","130":"s","131":"r","132":"c","133":"\\","134":"\\","135":"c","136":"o","137":"m","138":"p","139":"o","140":"n","141":"e","142":"n","143":"t","144":"s","145":"\\","146":"\\","147":"N","148":"a","149":"v","150":"B","151":"a","152":"r","153":".","154":"v","155":"u","156":"e","157":"\"","158":"]","159":",","160":"\"","161":"n","162":"a","163":"m","164":"e","165":"s","166":"\"","167":":","168":"[","169":"]","170":",","171":"\"","172":"m","173":"a","174":"p","175":"p","176":"i","177":"n","178":"g","179":"s","180":"\"","181":":","182":"\"","183":";","184":";","185":";","186":";","187":";","188":";","189":";","190":"e","191":"A","192":"S","193":"e","194":";","195":"E","196":"A","197":"C","198":"b","199":",","200":"I","201":"A","202":"A","203":"I","204":",","205":"E","206":"A","207":"A","208":"E","209":";","210":"A","211":"A","212":"C","213":"R","214":",","215":"C","216":"A","217":"A","218":"C","219":";","220":"A","221":"A","222":"A","223":"A","224":";","225":"A","226":"A","227":"A","228":"A","229":"\"","230":",","231":"\"","232":"f","233":"i","234":"l","235":"e","236":"\"","237":":","238":"\"","239":"C","240":":","241":"\\","242":"\\","243":"U","244":"s","245":"e","246":"r","247":"s","248":"\\","249":"\\","250":"s","251":"t","252":"i","253":"n","254":"g","255":"\\","256":"\\","257":"O","258":"n","259":"e","260":"D","261":"r","262":"i","263":"v","264":"e","265":"\\","266":"\\","267":"P","268":"u","269":"l","270":"p","271":"i","272":"t","273":"\\","274":"\\","275":"S","276":"T","277":"U","278":"D","279":"I","280":"A","281":" ","282":"C","283":"O","284":" ","285":"T","286":"O","287":" ","288":"J","289":"E","290":"S","291":"T","292":"\\","293":"\\","294":"S","295":"e","296":"m","297":"e","298":"s","299":"t","300":"r","301":" ","302":"7","303":"\\","304":"\\","305":"I","306":"n","307":"ż","308":"y","309":"n","310":"i","311":"e","312":"r","313":"k","314":"a","315":"\\","316":"\\","317":"T","318":"o","319":"D","320":"o","321":"A","322":"p","323":"p","324":"\\","325":"\\","326":"T","327":"o","328":"d","329":"o","330":"f","331":"y","332":"\\","333":"\\","334":"f","335":"r","336":"o","337":"n","338":"t","339":"e","340":"n","341":"d","342":"\\","343":"\\","344":"s","345":"r","346":"c","347":"\\","348":"\\","349":"c","350":"o","351":"m","352":"p","353":"o","354":"n","355":"e","356":"n","357":"t","358":"s","359":"\\","360":"\\","361":"N","362":"a","363":"v","364":"B","365":"a","366":"r","367":".","368":"v","369":"u","370":"e","371":"\"","372":",","373":"\"","374":"s","375":"o","376":"u","377":"r","378":"c","379":"e","380":"s","381":"C","382":"o","383":"n","384":"t","385":"e","386":"n","387":"t","388":"\"","389":":","390":"[","391":"\"","392":"<","393":"t","394":"e","395":"m","396":"p","397":"l","398":"a","399":"t","400":"e","401":">","402":"\\","403":"r","404":"\\","405":"n","406":" ","407":" ","408":"<","409":"v","410":"-","411":"c","412":"o","413":"n","414":"t","415":"a","416":"i","417":"n","418":"e","419":"r","420":" ","421":"f","422":"l","423":"u","424":"i","425":"d","426":">","427":"\\","428":"r","429":"\\","430":"n","431":" ","432":" ","433":" ","434":" ","435":"<","436":"v","437":"-","438":"a","439":"p","440":"p","441":"-","442":"b","443":"a","444":"r","445":" ","446":"c","447":"o","448":"l","449":"o","450":"r","451":"=","452":"\\","453":"\"","454":"b","455":"l","456":"u","457":"e","458":"-","459":"d","460":"a","461":"r","462":"k","463":"e","464":"n","465":"-","466":"4","467":"\\","468":"\"","469":">","470":"\\","471":"r","472":"\\","473":"n","474":" ","475":" ","476":" ","477":" ","478":" ","479":" ","480":"<","481":"v","482":"-","483":"t","484":"o","485":"o","486":"l","487":"b","488":"a","489":"r","490":"-","491":"t","492":"i","493":"t","494":"l","495":"e","496":">","497":"T","498":"o","499":"d","500":"o","501":"f","502":"y","503":"<","504":"/","505":"v","506":"-","507":"t","508":"o","509":"o","510":"l","511":"b","512":"a","513":"r","514":"-","515":"t","516":"i","517":"t","518":"l","519":"e","520":">","521":"\\","522":"r","523":"\\","524":"n","525":" ","526":" ","527":" ","528":" ","529":"<","530":"/","531":"v","532":"-","533":"a","534":"p","535":"p","536":"-","537":"b","538":"a","539":"r","540":">","541":"\\","542":"r","543":"\\","544":"n","545":" ","546":" ","547":"<","548":"/","549":"v","550":"-","551":"c","552":"o","553":"n","554":"t","555":"a","556":"i","557":"n","558":"e","559":"r","560":">","561":"\\","562":"r","563":"\\","564":"n","565":"<","566":"/","567":"t","568":"e","569":"m","570":"p","571":"l","572":"a","573":"t","574":"e","575":">","576":"\\","577":"r","578":"\\","579":"n","580":"\\","581":"r","582":"\\","583":"n","584":"<","585":"s","586":"c","587":"r","588":"i","589":"p","590":"t","591":">","592":"\\","593":"r","594":"\\","595":"n","596":"e","597":"x","598":"p","599":"o","600":"r","601":"t","602":" ","603":"d","604":"e","605":"f","606":"a","607":"u","608":"l","609":"t","610":" ","611":"{","612":"\\","613":"r","614":"\\","615":"n","616":" ","617":" ","618":"n","619":"a","620":"m","621":"e","622":":","623":" ","624":"\\","625":"\"","626":"N","627":"a","628":"v","629":"B","630":"a","631":"r","632":"\\","633":"\"","634":",","635":"\\","636":"r","637":"\\","638":"n","639":"}","640":";","641":"\\","642":"r","643":"\\","644":"n","645":"<","646":"/","647":"s","648":"c","649":"r","650":"i","651":"p","652":"t","653":">","654":"\\","655":"r","656":"\\","657":"n","658":"\"","659":"]","660":"}"},"_coverageSchema":"1a1c01bbd47fc00a2c39e90264f33305004495a9","hash":"d489593b8d818fa6eae58c2d46874f4a82990a23"}
,"C:\\Users\\sting\\OneDrive\\Pulpit\\STUDIA CO TO JEST\\Semestr 7\\Inżynierka\\ToDoApp\\Todofy\\frontend\\src\\components\\TaskForm.vue": {"path":"C:\\Users\\sting\\OneDrive\\Pulpit\\STUDIA CO TO JEST\\Semestr 7\\Inżynierka\\ToDoApp\\Todofy\\frontend\\src\\components\\TaskForm.vue","statementMap":{"0":{"start":{"line":4,"column":0},"end":{"line":6,"column":3}},"1":{"start":{"line":7,"column":0},"end":{"line":7,"column":25}},"2":{"start":{"line":15,"column":15},"end":{"line":86,"column":1}},"3":{"start":{"line":21,"column":4},"end":{"line":25,"column":6}},"4":{"start":{"line":28,"column":4},"end":{"line":33,"column":5}},"5":{"start":{"line":29,"column":6},"end":{"line":29,"column":33}},"6":{"start":{"line":30,"column":6},"end":{"line":30,"column":47}},"7":{"start":{"line":31,"column":6},"end":{"line":31,"column":43}},"8":{"start":{"line":32,"column":6},"end":{"line":32,"column":24}},"9":{"start":{"line":37,"column":6},"end":{"line":48,"column":8}},"10":{"start":{"line":46,"column":10},"end":{"line":46,"column":37}},"11":{"start":{"line":51,"column":19},"end":{"line":55,"column":7}},"12":{"start":{"line":56,"column":6},"end":{"line":83,"column":7}},"13":{"start":{"line":57,"column":8},"end":{"line":79,"column":9}},"14":{"start":{"line":58,"column":10},"end":{"line":67,"column":12}},"15":{"start":{"line":69,"column":10},"end":{"line":78,"column":12}},"16":{"start":{"line":80,"column":8},"end":{"line":80,"column":35}},"17":{"start":{"line":82,"column":8},"end":{"line":82,"column":36}},"18":{"start":{"line":89,"column":0},"end":{"line":89,"column":13}},"19":{"start":{"line":91,"column":0},"end":{"line":93,"column":3}},"20":{"start":{"line":94,"column":0},"end":{"line":94,"column":24}},"21":{"start":{"line":95,"column":11},"end":{"line":95,"column":25}},"22":{"start":{"line":97,"column":34},"end":{"line":97,"column":76}},"23":{"start":{"line":98,"column":32},"end":{"line":98,"column":72}},"24":{"start":{"line":99,"column":32},"end":{"line":99,"column":72}},"25":{"start":{"line":100,"column":27},"end":{"line":100,"column":62}},"26":{"start":{"line":101,"column":28},"end":{"line":101,"column":64}},"27":{"start":{"line":102,"column":2},"end":{"line":129,"column":36}},"28":{"start":{"line":106,"column":37},"end":{"line":126,"column":7}},"29":{"start":{"line":108,"column":65},"end":{"line":108,"column":83}},"30":{"start":{"line":113,"column":65},"end":{"line":113,"column":90}},"31":{"start":{"line":118,"column":65},"end":{"line":118,"column":88}},"32":{"start":{"line":124,"column":39},"end":{"line":124,"column":74}},"33":{"start":{"line":130,"column":2},"end":{"line":130,"column":49}}},"fnMap":{"0":{"name":"(anonymous_0)","decl":{"start":{"line":20,"column":2},"end":{"line":20,"column":3}},"loc":{"start":{"line":20,"column":9},"end":{"line":26,"column":3}},"line":20},"1":{"name":"(anonymous_1)","decl":{"start":{"line":27,"column":2},"end":{"line":27,"column":3}},"loc":{"start":{"line":27,"column":18},"end":{"line":34,"column":3}},"line":27},"2":{"name":"(anonymous_2)","decl":{"start":{"line":36,"column":4},"end":{"line":36,"column":5}},"loc":{"start":{"line":36,"column":23},"end":{"line":49,"column":5}},"line":36},"3":{"name":"(anonymous_3)","decl":{"start":{"line":45,"column":38},"end":{"line":45,"column":39}},"loc":{"start":{"line":45,"column":50},"end":{"line":47,"column":9}},"line":45},"4":{"name":"(anonymous_4)","decl":{"start":{"line":50,"column":4},"end":{"line":50,"column":5}},"loc":{"start":{"line":50,"column":23},"end":{"line":84,"column":5}},"line":50},"5":{"name":"render","decl":{"start":{"line":96,"column":9},"end":{"line":96,"column":15}},"loc":{"start":{"line":96,"column":30},"end":{"line":130,"column":1}},"line":96},"6":{"name":"(anonymous_6)","decl":{"start":{"line":106,"column":31},"end":{"line":106,"column":32}},"loc":{"start":{"line":106,"column":37},"end":{"line":126,"column":7}},"line":106},"7":{"name":"(anonymous_7)","decl":{"start":{"line":108,"column":55},"end":{"line":108,"column":56}},"loc":{"start":{"line":108,"column":65},"end":{"line":108,"column":83}},"line":108},"8":{"name":"(anonymous_8)","decl":{"start":{"line":113,"column":55},"end":{"line":113,"column":56}},"loc":{"start":{"line":113,"column":65},"end":{"line":113,"column":90}},"line":113},"9":{"name":"(anonymous_9)","decl":{"start":{"line":118,"column":55},"end":{"line":118,"column":56}},"loc":{"start":{"line":118,"column":65},"end":{"line":118,"column":88}},"line":118},"10":{"name":"(anonymous_10)","decl":{"start":{"line":124,"column":33},"end":{"line":124,"column":34}},"loc":{"start":{"line":124,"column":39},"end":{"line":124,"column":74}},"line":124}},"branchMap":{"0":{"loc":{"start":{"line":28,"column":4},"end":{"line":33,"column":5}},"type":"if","locations":[{"start":{"line":28,"column":4},"end":{"line":33,"column":5}},{"start":{},"end":{}}],"line":28},"1":{"loc":{"start":{"line":57,"column":8},"end":{"line":79,"column":9}},"type":"if","locations":[{"start":{"line":57,"column":8},"end":{"line":79,"column":9}},{"start":{"line":68,"column":15},"end":{"line":79,"column":9}}],"line":57},"2":{"loc":{"start":{"line":108,"column":29},"end":{"line":108,"column":84}},"type":"binary-expr","locations":[{"start":{"line":108,"column":29},"end":{"line":108,"column":38}},{"start":{"line":108,"column":43},"end":{"line":108,"column":83}}],"line":108},"3":{"loc":{"start":{"line":113,"column":29},"end":{"line":113,"column":91}},"type":"binary-expr","locations":[{"start":{"line":113,"column":29},"end":{"line":113,"column":38}},{"start":{"line":113,"column":43},"end":{"line":113,"column":90}}],"line":113},"4":{"loc":{"start":{"line":118,"column":29},"end":{"line":118,"column":89}},"type":"binary-expr","locations":[{"start":{"line":118,"column":29},"end":{"line":118,"column":38}},{"start":{"line":118,"column":43},"end":{"line":118,"column":88}}],"line":118}},"s":{"0":1,"1":1,"2":1,"3":1,"4":1,"5":0,"6":0,"7":0,"8":0,"9":0,"10":0,"11":0,"12":0,"13":0,"14":0,"15":0,"16":0,"17":0,"18":1,"19":1,"20":1,"21":1,"22":1,"23":1,"24":1,"25":1,"26":1,"27":1,"28":1,"29":0,"30":0,"31":0,"32":1,"33":1},"f":{"0":1,"1":1,"2":0,"3":0,"4":0,"5":1,"6":1,"7":0,"8":0,"9":0,"10":1},"b":{"0":[0,1],"1":[0,0],"2":[1,1],"3":[1,1],"4":[1,1]},"inputSourceMap":{"0":"{","1":"\"","2":"v","3":"e","4":"r","5":"s","6":"i","7":"o","8":"n","9":"\"","10":":","11":"3","12":",","13":"\"","14":"s","15":"o","16":"u","17":"r","18":"c","19":"e","20":"s","21":"\"","22":":","23":"[","24":"\"","25":"C","26":":","27":"\\","28":"\\","29":"U","30":"s","31":"e","32":"r","33":"s","34":"\\","35":"\\","36":"s","37":"t","38":"i","39":"n","40":"g","41":"\\","42":"\\","43":"O","44":"n","45":"e","46":"D","47":"r","48":"i","49":"v","50":"e","51":"\\","52":"\\","53":"P","54":"u","55":"l","56":"p","57":"i","58":"t","59":"\\","60":"\\","61":"S","62":"T","63":"U","64":"D","65":"I","66":"A","67":" ","68":"C","69":"O","70":" ","71":"T","72":"O","73":" ","74":"J","75":"E","76":"S","77":"T","78":"\\","79":"\\","80":"S","81":"e","82":"m","83":"e","84":"s","85":"t","86":"r","87":" ","88":"7","89":"\\","90":"\\","91":"I","92":"n","93":"ż","94":"y","95":"n","96":"i","97":"e","98":"r","99":"k","100":"a","101":"\\","102":"\\","103":"T","104":"o","105":"D","106":"o","107":"A","108":"p","109":"p","110":"\\","111":"\\","112":"T","113":"o","114":"d","115":"o","116":"f","117":"y","118":"\\","119":"\\","120":"f","121":"r","122":"o","123":"n","124":"t","125":"e","126":"n","127":"d","128":"\\","129":"\\","130":"s","131":"r","132":"c","133":"\\","134":"\\","135":"c","136":"o","137":"m","138":"p","139":"o","140":"n","141":"e","142":"n","143":"t","144":"s","145":"\\","146":"\\","147":"T","148":"a","149":"s","150":"k","151":"F","152":"o","153":"r","154":"m","155":".","156":"v","157":"u","158":"e","159":"\"","160":"]","161":",","162":"\"","163":"n","164":"a","165":"m","166":"e","167":"s","168":"\"","169":":","170":"[","171":"]","172":",","173":"\"","174":"m","175":"a","176":"p","177":"p","178":"i","179":"n","180":"g","181":"s","182":"\"","183":":","184":"\"","185":";","186":";","187":";","188":";","189":";","190":";","191":";","192":"A","193":"A","194":"e","195":"A","196":";","197":"A","198":"A","199":"A","200":"A","201":";","202":"A","203":"A","204":"A","205":"A","206":";","207":"A","208":"A","209":"C","210":"A","211":";","212":"A","213":"A","214":"A","215":"A","216":";","217":"A","218":"A","219":"A","220":"A","221":";","222":"A","223":"A","224":"A","225":"q","226":"C","227":";","228":"A","229":"A","230":"A","231":"A","232":",","233":"e","234":"A","235":"E","236":"t","237":"B","238":";","239":"E","240":"A","241":"C","242":"b","243":",","244":"I","245":"A","246":"A","247":"I","248":",","249":"E","250":"A","251":"A","252":"E","253":",","254":"U","255":"A","256":"A","257":"U","258":";","259":"E","260":"A","261":"C","262":"h","263":"B","264":",","265":"K","266":"A","267":"A","268":"K","269":",","270":"E","271":"A","272":"A","273":"E","274":";","275":"I","276":"A","277":"C","278":"L","279":",","280":"I","281":"A","282":"A","283":"I","284":",","285":"E","286":"A","287":"A","288":"E","289":";","290":"E","291":"A","292":"C","293":"R","294":",","295":"C","296":"A","297":"A","298":"C","299":";","300":"E","301":"A","302":"C","303":"D","304":",","305":"I","306":"A","307":"A","308":"I","309":",","310":"G","311":"A","312":"A","313":"G","314":";","315":"I","316":"A","317":"C","318":"L","319":",","320":"O","321":"A","322":"A","323":"O","324":";","325":"M","326":"A","327":"C","328":"L","329":",","330":"I","331":"A","332":"A","333":"I","334":",","335":"E","336":"A","337":"A","338":"E","339":",","340":"E","341":"A","342":"A","343":"E","344":";","345":"M","346":"A","347":"C","348":"R","349":",","350":"W","351":"A","352":"A","353":"W","354":",","355":"E","356":"A","357":"A","358":"E","359":",","360":"E","361":"A","362":"A","363":"E","364":";","365":"M","366":"A","367":"C","368":"f","369":",","370":"S","371":"A","372":"A","373":"S","374":",","375":"E","376":"A","377":"A","378":"E","379":";","380":"I","381":"A","382":"C","383":"b","384":",","385":"C","386":"A","387":"A","388":"C","389":";","390":"E","391":"A","392":"C","393":"H","394":",","395":"C","396":"A","397":"A","398":"C","399":";","400":"E","401":"A","402":"C","403":"D","404":",","405":"M","406":"A","407":"A","408":"M","409":",","410":"O","411":"A","412":"A","413":"O","414":",","415":"G","416":"A","417":"A","418":"G","419":";","420":"I","421":"A","422":"C","423":"d","424":",","425":"I","426":"A","427":"A","428":"I","429":",","430":"I","431":"A","432":"A","433":"I","434":",","435":"C","436":"A","437":"A","438":"C","439":",","440":"I","441":"A","442":"A","443":"I","444":",","445":"E","446":"A","447":"A","448":"E","449":";","450":"M","451":"A","452":"C","453":"b","454":",","455":"I","456":"A","457":"A","458":"I","459":",","460":"C","461":"A","462":"A","463":"C","464":",","465":"I","466":"A","467":"A","468":"I","469":",","470":"G","471":"A","472":"A","473":"G","474":",","475":"I","476":"A","477":"A","478":"I","479":",","480":"C","481":"A","482":"A","483":"C","484":",","485":"I","486":"A","487":"A","488":"I","489":",","490":"C","491":"A","492":"A","493":"C","494":",","495":"I","496":"A","497":"A","498":"I","499":";","500":"M","501":"A","502":"C","503":"1","504":"B","505":",","506":"I","507":"A","508":"A","509":"I","510":",","511":"C","512":"A","513":"A","514":"C","515":",","516":"W","517":"A","518":"A","519":"W","520":",","521":"G","522":"A","523":"A","524":"G","525":",","526":"I","527":"A","528":"A","529":"I","530":",","531":"C","532":"A","533":"A","534":"C","535":",","536":"I","537":"A","538":"A","539":"I","540":",","541":"C","542":"A","543":"A","544":"C","545":",","546":"W","547":"A","548":"A","549":"W","550":";","551":"M","552":"A","553":"C","554":"x","555":"C","556":",","557":"I","558":"A","559":"A","560":"I","561":",","562":"C","563":"A","564":"A","565":"C","566":",","567":"S","568":"A","569":"A","570":"S","571":",","572":"G","573":"A","574":"A","575":"G","576":",","577":"I","578":"A","579":"A","580":"I","581":",","582":"C","583":"A","584":"A","585":"C","586":",","587":"I","588":"A","589":"A","590":"I","591":",","592":"C","593":"A","594":"A","595":"C","596":",","597":"S","598":"A","599":"A","600":"S","601":";","602":"M","603":"A","604":"C","605":"p","606":"C","607":",","608":"I","609":"A","610":"A","611":"I","612":",","613":"C","614":"A","615":"A","616":"C","617":",","618":"U","619":"A","620":"A","621":"U","622":",","623":"C","624":"A","625":"A","626":"C","627":",","628":"C","629":"A","630":"A","631":"C","632":";","633":"I","634":"A","635":"C","636":"n","637":"B","638":";","639":"E","640":"A","641":"C","642":"F","643":",","644":"C","645":"A","646":"A","647":"C","648":";","649":"E","650":"A","651":"C","652":"D","653":",","654":"O","655":"A","656":"A","657":"O","658":",","659":"E","660":"A","661":"A","662":"E","663":";","664":"I","665":"A","666":"C","667":"P","668":",","669":"M","670":"A","671":"A","672":"M","673":",","674":"U","675":"A","676":"A","677":"U","678":",","679":"G","680":"A","681":"A","682":"G","683":";","684":"M","685":"A","686":"C","687":"j","688":"B","689":",","690":"M","691":"A","692":"A","693":"M","694":";","695":"Q","696":"A","697":"A","698":"A","699":";","700":"Q","701":"A","702":"A","703":"A","704":";","705":"Q","706":"A","707":"A","708":"A","709":";","710":"Q","711":"A","712":"A","713":"A","714":",","715":"O","716":"A","717":"A","718":"K","719":",","720":"C","721":"A","722":"A","723":"C","724":",","725":"G","726":"A","727":"A","728":"G","729":",","730":"C","731":"A","732":"A","733":"E","734":";","735":"Q","736":"A","737":"A","738":"E","739":";","740":"Q","741":"A","742":"A","743":"A","744":";","745":"Q","746":"A","747":"A","748":"A","749":";","750":"Q","751":"A","752":"A","753":"A","754":",","755":"M","756":"A","757":"A","758":"M","759":",","760":"C","761":"A","762":"A","763":"C","764":",","765":"O","766":"A","767":"A","768":"Q","769":",","770":"S","771":"A","772":"A","773":"Q","774":",","775":"C","776":"A","777":"A","778":"C","779":",","780":"C","781":"A","782":"A","783":"C","784":",","785":"I","786":"A","787":"A","788":"I","789":",","790":"C","791":"A","792":"A","793":"E","794":",","795":"Q","796":"A","797":"A","798":"Q","799":",","800":"I","801":"A","802":"A","803":"K","804":";","805":"U","806":"A","807":"C","808":"7","809":"D","810":",","811":"I","812":"A","813":"A","814":"I","815":",","816":"C","817":"A","818":"A","819":"C","820":",","821":"K","822":"A","823":"A","824":"K","825":",","826":"G","827":"A","828":"A","829":"G","830":",","831":"Q","832":"A","833":"A","834":"Q","835":",","836":"C","837":"A","838":"A","839":"C","840":",","841":"I","842":"A","843":"A","844":"I","845":";","846":"Q","847":"A","848":"C","849":"5","850":"B","851":",","852":"C","853":"A","854":"A","855":"C","856":";","857":"M","858":"A","859":"A","860":"C","861":";","862":"I","863":"A","864":"C","865":"J","866":",","867":"C","868":"A","869":"A","870":"C","871":";","872":"I","873":"A","874":"C","875":"D","876":",","877":"M","878":"A","879":"A","880":"M","881":",","882":"U","883":"A","884":"A","885":"U","886":",","887":"G","888":"A","889":"A","890":"G","891":";","892":"M","893":"A","894":"C","895":"j","896":"B","897":",","898":"M","899":"A","900":"A","901":"M","902":",","903":"I","904":"A","905":"A","906":"I","907":",","908":"G","909":"A","910":"A","911":"G","912":";","913":"Q","914":"A","915":"C","916":"X","917":",","918":"I","919":"A","920":"A","921":"I","922":",","923":"E","924":"A","925":"A","926":"E","927":",","928":"I","929":"A","930":"A","931":"I","932":",","933":"C","934":"A","935":"A","936":"C","937":",","938":"I","939":"A","940":"A","941":"I","942":";","943":"Q","944":"A","945":"C","946":"f","947":",","948":"W","949":"A","950":"A","951":"W","952":",","953":"E","954":"A","955":"A","956":"E","957":",","958":"I","959":"A","960":"A","961":"I","962":",","963":"C","964":"A","965":"A","966":"C","967":",","968":"W","969":"A","970":"A","971":"W","972":";","973":"Q","974":"A","975":"C","976":"7","977":"B","978":",","979":"S","980":"A","981":"A","982":"S","983":",","984":"E","985":"A","986":"A","987":"E","988":",","989":"I","990":"A","991":"A","992":"I","993":",","994":"C","995":"A","996":"A","997":"C","998":";","999":"M","1000":"A","1001":"C","1002":"l","1003":"B","1004":",","1005":"C","1006":"A","1007":"A","1008":"C","1009":";","1010":"M","1011":"A","1012":"C","1013":"D","1014":",","1015":"I","1016":"A","1017":"A","1018":"I","1019":";","1020":"Q","1021":"A","1022":"C","1023":"F","1024":",","1025":"I","1026":"A","1027":"A","1028":"I","1029":",","1030":"I","1031":"A","1032":"A","1033":"I","1034":",","1035":"C","1036":"A","1037":"A","1038":"C","1039":",","1040":"I","1041":"A","1042":"A","1043":"I","1044":",","1045":"E","1046":"A","1047":"A","1048":"E","1049":";","1050":"U","1051":"A","1052":"C","1053":"b","1054":",","1055":"M","1056":"A","1057":"A","1058":"M","1059":";","1060":"Y","1061":"A","1062":"A","1063":"A","1064":";","1065":"Y","1066":"A","1067":"A","1068":"A","1069":";","1070":"Y","1071":"A","1072":"A","1073":"A","1074":";","1075":"Y","1076":"A","1077":"A","1078":"A","1079":",","1080":"O","1081":"A","1082":"A","1083":"K","1084":",","1085":"C","1086":"A","1087":"A","1088":"C","1089":",","1090":"G","1091":"A","1092":"A","1093":"G","1094":",","1095":"C","1096":"A","1097":"A","1098":"E","1099":";","1100":"Y","1101":"A","1102":"A","1103":"E","1104":";","1105":"Y","1106":"A","1107":"A","1108":"A","1109":";","1110":"Y","1111":"A","1112":"A","1113":"A","1114":";","1115":"Y","1116":"A","1117":"A","1118":"A","1119":",","1120":"M","1121":"A","1122":"A","1123":"M","1124":",","1125":"C","1126":"A","1127":"A","1128":"C","1129":",","1130":"O","1131":"A","1132":"A","1133":"Q","1134":",","1135":"U","1136":"A","1137":"A","1138":"S","1139":",","1140":"I","1141":"A","1142":"A","1143":"I","1144":",","1145":"C","1146":"A","1147":"A","1148":"C","1149":",","1150":"I","1151":"A","1152":"A","1153":"I","1154":",","1155":"C","1156":"A","1157":"A","1158":"C","1159":",","1160":"G","1161":"A","1162":"A","1163":"I","1164":",","1165":"E","1166":"A","1167":"A","1168":"C","1169":",","1170":"E","1171":"A","1172":"A","1173":"E","1174":",","1175":"I","1176":"A","1177":"A","1178":"I","1179":";","1180":"U","1181":"A","1182":"A","1183":"C","1184":";","1185":"Q","1186":"A","1187":"C","1188":"n","1189":"E","1190":",","1191":"C","1192":"A","1193":"A","1194":"C","1195":",","1196":"M","1197":"A","1198":"A","1199":"M","1200":";","1201":"U","1202":"A","1203":"C","1204":"L","1205":",","1206":"M","1207":"A","1208":"A","1209":"M","1210":";","1211":"Y","1212":"A","1213":"A","1214":"A","1215":";","1216":"Y","1217":"A","1218":"A","1219":"A","1220":";","1221":"Y","1222":"A","1223":"A","1224":"A","1225":";","1226":"Y","1227":"A","1228":"A","1229":"A","1230":",","1231":"O","1232":"A","1233":"A","1234":"K","1235":",","1236":"C","1237":"A","1238":"A","1239":"C","1240":",","1241":"I","1242":"A","1243":"A","1244":"I","1245":",","1246":"C","1247":"A","1248":"A","1249":"E","1250":";","1251":"Y","1252":"A","1253":"A","1254":"E","1255":";","1256":"Y","1257":"A","1258":"A","1259":"A","1260":";","1261":"Y","1262":"A","1263":"A","1264":"A","1265":";","1266":"Y","1267":"A","1268":"A","1269":"A","1270":",","1271":"M","1272":"A","1273":"A","1274":"M","1275":",","1276":"C","1277":"A","1278":"A","1279":"C","1280":",","1281":"O","1282":"A","1283":"A","1284":"Q","1285":",","1286":"S","1287":"A","1288":"A","1289":"Q","1290":",","1291":"E","1292":"A","1293":"A","1294":"E","1295":",","1296":"I","1297":"A","1298":"A","1299":"I","1300":";","1301":"U","1302":"A","1303":"A","1304":"C","1305":";","1306":"Q","1307":"A","1308":"C","1309":"p","1310":"D","1311":";","1312":"Q","1313":"A","1314":"C","1315":"A","1316":",","1317":"I","1318":"A","1319":"A","1320":"I","1321":",","1322":"C","1323":"A","1324":"A","1325":"C","1326":",","1327":"K","1328":"A","1329":"A","1330":"K","1331":",","1332":"C","1333":"A","1334":"A","1335":"C","1336":",","1337":"Q","1338":"A","1339":"A","1340":"Q","1341":",","1342":"E","1343":"A","1344":"A","1345":"E","1346":",","1347":"I","1348":"A","1349":"A","1350":"I","1351":",","1352":"C","1353":"A","1354":"A","1355":"C","1356":";","1357":"M","1358":"A","1359":"C","1360":"5","1361":"B","1362":",","1363":"C","1364":"A","1365":"A","1366":"C","1367":",","1368":"C","1369":"A","1370":"A","1371":"C","1372":",","1373":"O","1374":"A","1375":"A","1376":"O","1377":",","1378":"K","1379":"A","1380":"A","1381":"K","1382":",","1383":"E","1384":"A","1385":"A","1386":"E","1387":";","1388":"Q","1389":"A","1390":"C","1391":"d","1392":",","1393":"O","1394":"A","1395":"A","1396":"O","1397":",","1398":"C","1399":"A","1400":"A","1401":"C","1402":",","1403":"G","1404":"A","1405":"A","1406":"G","1407":",","1408":"C","1409":"A","1410":"A","1411":"C","1412":",","1413":"K","1414":"A","1415":"A","1416":"K","1417":",","1418":"C","1419":"A","1420":"A","1421":"C","1422":",","1423":"Q","1424":"A","1425":"A","1426":"Q","1427":",","1428":"C","1429":"A","1430":"A","1431":"C","1432":";","1433":"M","1434":"A","1435":"C","1436":"7","1437":"B","1438":";","1439":"I","1440":"A","1441":"C","1442":"F","1443":";","1444":"E","1445":"A","1446":"C","1447":"F","1448":";","1449":"A","1450":"A","1451":"C","1452":"F","1453":",","1454":"C","1455":"A","1456":"A","1457":"C","1458":";","1459":"A","1460":"A","1461":"A","1462":"A","1463":";","1464":"A","1465":"A","1466":"A","1467":"A","1468":"\"","1469":",","1470":"\"","1471":"f","1472":"i","1473":"l","1474":"e","1475":"\"","1476":":","1477":"\"","1478":"C","1479":":","1480":"\\","1481":"\\","1482":"U","1483":"s","1484":"e","1485":"r","1486":"s","1487":"\\","1488":"\\","1489":"s","1490":"t","1491":"i","1492":"n","1493":"g","1494":"\\","1495":"\\","1496":"O","1497":"n","1498":"e","1499":"D","1500":"r","1501":"i","1502":"v","1503":"e","1504":"\\","1505":"\\","1506":"P","1507":"u","1508":"l","1509":"p","1510":"i","1511":"t","1512":"\\","1513":"\\","1514":"S","1515":"T","1516":"U","1517":"D","1518":"I","1519":"A","1520":" ","1521":"C","1522":"O","1523":" ","1524":"T","1525":"O","1526":" ","1527":"J","1528":"E","1529":"S","1530":"T","1531":"\\","1532":"\\","1533":"S","1534":"e","1535":"m","1536":"e","1537":"s","1538":"t","1539":"r","1540":" ","1541":"7","1542":"\\","1543":"\\","1544":"I","1545":"n","1546":"ż","1547":"y","1548":"n","1549":"i","1550":"e","1551":"r","1552":"k","1553":"a","1554":"\\","1555":"\\","1556":"T","1557":"o","1558":"D","1559":"o","1560":"A","1561":"p","1562":"p","1563":"\\","1564":"\\","1565":"T","1566":"o","1567":"d","1568":"o","1569":"f","1570":"y","1571":"\\","1572":"\\","1573":"f","1574":"r","1575":"o","1576":"n","1577":"t","1578":"e","1579":"n","1580":"d","1581":"\\","1582":"\\","1583":"s","1584":"r","1585":"c","1586":"\\","1587":"\\","1588":"c","1589":"o","1590":"m","1591":"p","1592":"o","1593":"n","1594":"e","1595":"n","1596":"t","1597":"s","1598":"\\","1599":"\\","1600":"T","1601":"a","1602":"s","1603":"k","1604":"F","1605":"o","1606":"r","1607":"m","1608":".","1609":"v","1610":"u","1611":"e","1612":"\"","1613":",","1614":"\"","1615":"s","1616":"o","1617":"u","1618":"r","1619":"c","1620":"e","1621":"s","1622":"C","1623":"o","1624":"n","1625":"t","1626":"e","1627":"n","1628":"t","1629":"\"","1630":":","1631":"[","1632":"\"","1633":"<","1634":"t","1635":"e","1636":"m","1637":"p","1638":"l","1639":"a","1640":"t","1641":"e","1642":">","1643":"\\","1644":"r","1645":"\\","1646":"n","1647":" ","1648":" ","1649":"<","1650":"d","1651":"i","1652":"v","1653":">","1654":"\\","1655":"r","1656":"\\","1657":"n","1658":" ","1659":" ","1660":" ","1661":" ","1662":"<","1663":"v","1664":"-","1665":"f","1666":"o","1667":"r","1668":"m","1669":" ","1670":"r","1671":"e","1672":"f","1673":"=","1674":"\\","1675":"\"","1676":"f","1677":"o","1678":"r","1679":"m","1680":"\\","1681":"\"","1682":" ","1683":"@","1684":"s","1685":"u","1686":"b","1687":"m","1688":"i","1689":"t","1690":".","1691":"p","1692":"r","1693":"e","1694":"v","1695":"e","1696":"n","1697":"t","1698":"=","1699":"\\","1700":"\"","1701":"s","1702":"u","1703":"b","1704":"m","1705":"i","1706":"t","1707":"F","1708":"o","1709":"r","1710":"m","1711":"\\","1712":"\"","1713":">","1714":"\\","1715":"r","1716":"\\","1717":"n","1718":" ","1719":" ","1720":" ","1721":" ","1722":" ","1723":" ","1724":"<","1725":"v","1726":"-","1727":"t","1728":"e","1729":"x","1730":"t","1731":"-","1732":"f","1733":"i","1734":"e","1735":"l","1736":"d","1737":" ","1738":"v","1739":"-","1740":"m","1741":"o","1742":"d","1743":"e","1744":"l","1745":"=","1746":"\\","1747":"\"","1748":"n","1749":"a","1750":"m","1751":"e","1752":"\\","1753":"\"","1754":" ","1755":"l","1756":"a","1757":"b","1758":"e","1759":"l","1760":"=","1761":"\\","1762":"\"","1763":"N","1764":"a","1765":"m","1766":"e","1767":"\\","1768":"\"","1769":" ","1770":"r","1771":"e","1772":"q","1773":"u","1774":"i","1775":"r","1776":"e","1777":"d","1778":">","1779":"<","1780":"/","1781":"v","1782":"-","1783":"t","1784":"e","1785":"x","1786":"t","1787":"-","1788":"f","1789":"i","1790":"e","1791":"l","1792":"d","1793":">","1794":"\\","1795":"r","1796":"\\","1797":"n","1798":" ","1799":" ","1800":" ","1801":" ","1802":" ","1803":" ","1804":"<","1805":"v","1806":"-","1807":"t","1808":"e","1809":"x","1810":"t","1811":"a","1812":"r","1813":"e","1814":"a","1815":"\\","1816":"r","1817":"\\","1818":"n","1819":" ","1820":" ","1821":" ","1822":" ","1823":" ","1824":" ","1825":" ","1826":" ","1827":"v","1828":"-","1829":"m","1830":"o","1831":"d","1832":"e","1833":"l","1834":"=","1835":"\\","1836":"\"","1837":"d","1838":"e","1839":"s","1840":"c","1841":"r","1842":"i","1843":"p","1844":"t","1845":"i","1846":"o","1847":"n","1848":"\\","1849":"\"","1850":"\\","1851":"r","1852":"\\","1853":"n","1854":" ","1855":" ","1856":" ","1857":" ","1858":" ","1859":" ","1860":" ","1861":" ","1862":"l","1863":"a","1864":"b","1865":"e","1866":"l","1867":"=","1868":"\\","1869":"\"","1870":"D","1871":"e","1872":"s","1873":"c","1874":"r","1875":"i","1876":"p","1877":"t","1878":"i","1879":"o","1880":"n","1881":"\\","1882":"\"","1883":"\\","1884":"r","1885":"\\","1886":"n","1887":" ","1888":" ","1889":" ","1890":" ","1891":" ","1892":" ","1893":" ","1894":" ","1895":"r","1896":"e","1897":"q","1898":"u","1899":"i","1900":"r","1901":"e","1902":"d","1903":"\\","1904":"r","1905":"\\","1906":"n","1907":" ","1908":" ","1909":" ","1910":" ","1911":" ","1912":" ","1913":">","1914":"<","1915":"/","1916":"v","1917":"-","1918":"t","1919":"e","1920":"x","1921":"t","1922":"a","1923":"r","1924":"e","1925":"a","1926":">","1927":"\\","1928":"r","1929":"\\","1930":"n","1931":" ","1932":" ","1933":" ","1934":" ","1935":" ","1936":" ","1937":"<","1938":"v","1939":"-","1940":"c","1941":"h","1942":"e","1943":"c","1944":"k","1945":"b","1946":"o","1947":"x","1948":" ","1949":"v","1950":"-","1951":"m","1952":"o","1953":"d","1954":"e","1955":"l","1956":"=","1957":"\\","1958":"\"","1959":"c","1960":"o","1961":"m","1962":"p","1963":"l","1964":"e","1965":"t","1966":"e","1967":"d","1968":"\\","1969":"\"","1970":" ","1971":"l","1972":"a","1973":"b","1974":"e","1975":"l","1976":"=","1977":"\\","1978":"\"","1979":"C","1980":"o","1981":"m","1982":"p","1983":"l","1984":"e","1985":"t","1986":"e","1987":"d","1988":"\\","1989":"\"","1990":">","1991":"<","1992":"/","1993":"v","1994":"-","1995":"c","1996":"h","1997":"e","1998":"c","1999":"k","2000":"b","2001":"o","2002":"x","2003":">","2004":"\\","2005":"r","2006":"\\","2007":"n","2008":" ","2009":" ","2010":" ","2011":" ","2012":" ","2013":" ","2014":"<","2015":"v","2016":"-","2017":"b","2018":"t","2019":"n","2020":" ","2021":"t","2022":"y","2023":"p","2024":"e","2025":"=","2026":"\\","2027":"\"","2028":"s","2029":"u","2030":"b","2031":"m","2032":"i","2033":"t","2034":"\\","2035":"\"","2036":" ","2037":"c","2038":"o","2039":"l","2040":"o","2041":"r","2042":"=","2043":"\\","2044":"\"","2045":"t","2046":"e","2047":"a","2048":"l","2049":"-","2050":"d","2051":"a","2052":"r","2053":"k","2054":"e","2055":"n","2056":"-","2057":"1","2058":"\\","2059":"\"","2060":">","2061":"S","2062":"a","2063":"v","2064":"e","2065":"<","2066":"/","2067":"v","2068":"-","2069":"b","2070":"t","2071":"n","2072":">","2073":"\\","2074":"r","2075":"\\","2076":"n","2077":" ","2078":" ","2079":" ","2080":" ","2081":"<","2082":"/","2083":"v","2084":"-","2085":"f","2086":"o","2087":"r","2088":"m","2089":">","2090":"\\","2091":"r","2092":"\\","2093":"n","2094":" ","2095":" ","2096":"<","2097":"/","2098":"d","2099":"i","2100":"v","2101":">","2102":"\\","2103":"r","2104":"\\","2105":"n","2106":"<","2107":"/","2108":"t","2109":"e","2110":"m","2111":"p","2112":"l","2113":"a","2114":"t","2115":"e","2116":">","2117":"\\","2118":"r","2119":"\\","2120":"n","2121":"<","2122":"s","2123":"c","2124":"r","2125":"i","2126":"p","2127":"t","2128":">","2129":"\\","2130":"r","2131":"\\","2132":"n","2133":"i","2134":"m","2135":"p","2136":"o","2137":"r","2138":"t","2139":" ","2140":"a","2141":"x","2142":"i","2143":"o","2144":"s","2145":" ","2146":"f","2147":"r","2148":"o","2149":"m","2150":" ","2151":"\\","2152":"\"","2153":"a","2154":"x","2155":"i","2156":"o","2157":"s","2158":"\\","2159":"\"","2160":";","2161":"\\","2162":"r","2163":"\\","2164":"n","2165":"i","2166":"m","2167":"p","2168":"o","2169":"r","2170":"t","2171":" ","2172":"{","2173":" ","2174":"s","2175":"e","2176":"r","2177":"v","2178":"e","2179":"r","2180":" ","2181":"}","2182":" ","2183":"f","2184":"r","2185":"o","2186":"m","2187":" ","2188":"\\","2189":"\"","2190":"@","2191":"/","2192":"u","2193":"t","2194":"i","2195":"l","2196":"s","2197":"/","2198":"a","2199":"p","2200":"i","2201":"\\","2202":"\"","2203":";","2204":"\\","2205":"r","2206":"\\","2207":"n","2208":"\\","2209":"r","2210":"\\","2211":"n","2212":"e","2213":"x","2214":"p","2215":"o","2216":"r","2217":"t","2218":" ","2219":"d","2220":"e","2221":"f","2222":"a","2223":"u","2224":"l","2225":"t","2226":" ","2227":"{","2228":"\\","2229":"r","2230":"\\","2231":"n","2232":" ","2233":" ","2234":"n","2235":"a","2236":"m","2237":"e","2238":":","2239":" ","2240":"\\","2241":"\"","2242":"T","2243":"a","2244":"s","2245":"k","2246":"F","2247":"o","2248":"r","2249":"m","2250":"\\","2251":"\"","2252":",","2253":"\\","2254":"r","2255":"\\","2256":"n","2257":" ","2258":" ","2259":"p","2260":"r","2261":"o","2262":"p","2263":"s","2264":":","2265":" ","2266":"{","2267":"\\","2268":"r","2269":"\\","2270":"n","2271":" ","2272":" ","2273":" ","2274":" ","2275":"t","2276":"a","2277":"s","2278":"k","2279":":","2280":" ","2281":"O","2282":"b","2283":"j","2284":"e","2285":"c","2286":"t","2287":",","2288":"\\","2289":"r","2290":"\\","2291":"n","2292":" ","2293":" ","2294":"}","2295":",","2296":"\\","2297":"r","2298":"\\","2299":"n","2300":" ","2301":" ","2302":"d","2303":"a","2304":"t","2305":"a","2306":"(","2307":")","2308":" ","2309":"{","2310":"\\","2311":"r","2312":"\\","2313":"n","2314":" ","2315":" ","2316":" ","2317":" ","2318":"r","2319":"e","2320":"t","2321":"u","2322":"r","2323":"n","2324":" ","2325":"{","2326":"\\","2327":"r","2328":"\\","2329":"n","2330":" ","2331":" ","2332":" ","2333":" ","2334":" ","2335":" ","2336":"n","2337":"a","2338":"m","2339":"e","2340":":","2341":" ","2342":"\\","2343":"\"","2344":"\\","2345":"\"","2346":",","2347":"\\","2348":"r","2349":"\\","2350":"n","2351":" ","2352":" ","2353":" ","2354":" ","2355":" ","2356":" ","2357":"d","2358":"e","2359":"s","2360":"c","2361":"r","2362":"i","2363":"p","2364":"t","2365":"i","2366":"o","2367":"n","2368":":","2369":" ","2370":"\\","2371":"\"","2372":"\\","2373":"\"","2374":",","2375":"\\","2376":"r","2377":"\\","2378":"n","2379":" ","2380":" ","2381":" ","2382":" ","2383":" ","2384":" ","2385":"c","2386":"o","2387":"m","2388":"p","2389":"l","2390":"e","2391":"t","2392":"e","2393":"d","2394":":","2395":" ","2396":"f","2397":"a","2398":"l","2399":"s","2400":"e","2401":",","2402":"\\","2403":"r","2404":"\\","2405":"n","2406":" ","2407":" ","2408":" ","2409":" ","2410":"}","2411":";","2412":"\\","2413":"r","2414":"\\","2415":"n","2416":" ","2417":" ","2418":"}","2419":",","2420":"\\","2421":"r","2422":"\\","2423":"n","2424":" ","2425":" ","2426":"a","2427":"s","2428":"y","2429":"n","2430":"c","2431":" ","2432":"c","2433":"r","2434":"e","2435":"a","2436":"t","2437":"e","2438":"d","2439":"(","2440":")","2441":" ","2442":"{","2443":"\\","2444":"r","2445":"\\","2446":"n","2447":" ","2448":" ","2449":" ","2450":" ","2451":"i","2452":"f","2453":" ","2454":"(","2455":"t","2456":"h","2457":"i","2458":"s","2459":".","2460":"t","2461":"a","2462":"s","2463":"k","2464":")","2465":" ","2466":"{","2467":"\\","2468":"r","2469":"\\","2470":"n","2471":" ","2472":" ","2473":" ","2474":" ","2475":" ","2476":" ","2477":"t","2478":"h","2479":"i","2480":"s","2481":".","2482":"n","2483":"a","2484":"m","2485":"e","2486":" ","2487":"=","2488":" ","2489":"t","2490":"h","2491":"i","2492":"s","2493":".","2494":"t","2495":"a","2496":"s","2497":"k","2498":".","2499":"n","2500":"a","2501":"m","2502":"e","2503":";","2504":"\\","2505":"r","2506":"\\","2507":"n","2508":" ","2509":" ","2510":" ","2511":" ","2512":" ","2513":" ","2514":"t","2515":"h","2516":"i","2517":"s","2518":".","2519":"d","2520":"e","2521":"s","2522":"c","2523":"r","2524":"i","2525":"p","2526":"t","2527":"i","2528":"o","2529":"n","2530":" ","2531":"=","2532":" ","2533":"t","2534":"h","2535":"i","2536":"s","2537":".","2538":"t","2539":"a","2540":"s","2541":"k","2542":".","2543":"d","2544":"e","2545":"s","2546":"c","2547":"r","2548":"i","2549":"p","2550":"t","2551":"i","2552":"o","2553":"n","2554":";","2555":"\\","2556":"r","2557":"\\","2558":"n","2559":" ","2560":" ","2561":" ","2562":" ","2563":" ","2564":" ","2565":"t","2566":"h","2567":"i","2568":"s","2569":".","2570":"c","2571":"o","2572":"m","2573":"p","2574":"l","2575":"e","2576":"t","2577":"e","2578":"d","2579":" ","2580":"=","2581":" ","2582":"t","2583":"h","2584":"i","2585":"s","2586":".","2587":"t","2588":"a","2589":"s","2590":"k","2591":".","2592":"c","2593":"o","2594":"m","2595":"p","2596":"l","2597":"e","2598":"t","2599":"e","2600":"d","2601":";","2602":"\\","2603":"r","2604":"\\","2605":"n","2606":" ","2607":" ","2608":" ","2609":" ","2610":" ","2611":" ","2612":"t","2613":"h","2614":"i","2615":"s","2616":".","2617":"f","2618":"e","2619":"t","2620":"c","2621":"h","2622":"T","2623":"a","2624":"s","2625":"k","2626":"s","2627":"(","2628":")","2629":";","2630":"\\","2631":"r","2632":"\\","2633":"n","2634":" ","2635":" ","2636":" ","2637":" ","2638":"}","2639":"\\","2640":"r","2641":"\\","2642":"n","2643":" ","2644":" ","2645":"}","2646":",","2647":"\\","2648":"r","2649":"\\","2650":"n","2651":" ","2652":" ","2653":"m","2654":"e","2655":"t","2656":"h","2657":"o","2658":"d","2659":"s","2660":":","2661":" ","2662":"{","2663":"\\","2664":"r","2665":"\\","2666":"n","2667":" ","2668":" ","2669":" ","2670":" ","2671":"a","2672":"s","2673":"y","2674":"n","2675":"c","2676":" ","2677":"f","2678":"e","2679":"t","2680":"c","2681":"h","2682":"T","2683":"a","2684":"s","2685":"k","2686":"s","2687":"(","2688":")","2689":" ","2690":"{","2691":"\\","2692":"r","2693":"\\","2694":"n","2695":" ","2696":" ","2697":" ","2698":" ","2699":" ","2700":" ","2701":"a","2702":"w","2703":"a","2704":"i","2705":"t","2706":" ","2707":"a","2708":"x","2709":"i","2710":"o","2711":"s","2712":".","2713":"g","2714":"e","2715":"t","2716":"(","2717":"`","2718":"$","2719":"{","2720":"s","2721":"e","2722":"r","2723":"v","2724":"e","2725":"r","2726":".","2727":"b","2728":"a","2729":"s","2730":"e","2731":"U","2732":"R","2733":"L","2734":"}","2735":"/","2736":"t","2737":"a","2738":"s","2739":"k","2740":"s","2741":"/","2742":"`","2743":")","2744":".","2745":"t","2746":"h","2747":"e","2748":"n","2749":"(","2750":"(","2751":"r","2752":"e","2753":"s","2754":"p","2755":"o","2756":"n","2757":"s","2758":"e","2759":")","2760":" ","2761":"=","2762":">","2763":" ","2764":"{","2765":"\\","2766":"r","2767":"\\","2768":"n","2769":" ","2770":" ","2771":" ","2772":" ","2773":" ","2774":" ","2775":" ","2776":" ","2777":"t","2778":"h","2779":"i","2780":"s","2781":".","2782":"t","2783":"a","2784":"s","2785":"k","2786":"s","2787":" ","2788":"=","2789":" ","2790":"r","2791":"e","2792":"s","2793":"p","2794":"o","2795":"n","2796":"s","2797":"e","2798":".","2799":"d","2800":"a","2801":"t","2802":"a","2803":";","2804":"\\","2805":"r","2806":"\\","2807":"n","2808":" ","2809":" ","2810":" ","2811":" ","2812":" ","2813":" ","2814":"}","2815":")","2816":";","2817":"\\","2818":"r","2819":"\\","2820":"n","2821":" ","2822":" ","2823":" ","2824":" ","2825":"}","2826":",","2827":"\\","2828":"r","2829":"\\","2830":"n","2831":" ","2832":" ","2833":" ","2834":" ","2835":"a","2836":"s","2837":"y","2838":"n","2839":"c","2840":" ","2841":"s","2842":"u","2843":"b","2844":"m","2845":"i","2846":"t","2847":"F","2848":"o","2849":"r","2850":"m","2851":"(","2852":")","2853":" ","2854":"{","2855":"\\","2856":"r","2857":"\\","2858":"n","2859":" ","2860":" ","2861":" ","2862":" ","2863":" ","2864":" ","2865":"c","2866":"o","2867":"n","2868":"s","2869":"t","2870":" ","2871":"d","2872":"a","2873":"t","2874":"a","2875":" ","2876":"=","2877":" ","2878":"{","2879":"\\","2880":"r","2881":"\\","2882":"n","2883":" ","2884":" ","2885":" ","2886":" ","2887":" ","2888":" ","2889":" ","2890":" ","2891":"n","2892":"a","2893":"m","2894":"e","2895":":","2896":" ","2897":"t","2898":"h","2899":"i","2900":"s","2901":".","2902":"n","2903":"a","2904":"m","2905":"e","2906":",","2907":"\\","2908":"r","2909":"\\","2910":"n","2911":" ","2912":" ","2913":" ","2914":" ","2915":" ","2916":" ","2917":" ","2918":" ","2919":"d","2920":"e","2921":"s","2922":"c","2923":"r","2924":"i","2925":"p","2926":"t","2927":"i","2928":"o","2929":"n","2930":":","2931":" ","2932":"t","2933":"h","2934":"i","2935":"s","2936":".","2937":"d","2938":"e","2939":"s","2940":"c","2941":"r","2942":"i","2943":"p","2944":"t","2945":"i","2946":"o","2947":"n","2948":",","2949":"\\","2950":"r","2951":"\\","2952":"n","2953":" ","2954":" ","2955":" ","2956":" ","2957":" ","2958":" ","2959":" ","2960":" ","2961":"c","2962":"o","2963":"m","2964":"p","2965":"l","2966":"e","2967":"t","2968":"e","2969":"d","2970":":","2971":" ","2972":"t","2973":"h","2974":"i","2975":"s","2976":".","2977":"c","2978":"o","2979":"m","2980":"p","2981":"l","2982":"e","2983":"t","2984":"e","2985":"d","2986":",","2987":"\\","2988":"r","2989":"\\","2990":"n","2991":" ","2992":" ","2993":" ","2994":" ","2995":" ","2996":" ","2997":"}","2998":";","2999":"\\","3000":"r","3001":"\\","3002":"n","3003":" ","3004":" ","3005":" ","3006":" ","3007":" ","3008":" ","3009":"t","3010":"r","3011":"y","3012":" ","3013":"{","3014":"\\","3015":"r","3016":"\\","3017":"n","3018":" ","3019":" ","3020":" ","3021":" ","3022":" ","3023":" ","3024":" ","3025":" ","3026":"i","3027":"f","3028":" ","3029":"(","3030":"t","3031":"h","3032":"i","3033":"s","3034":".","3035":"t","3036":"a","3037":"s","3038":"k","3039":")","3040":" ","3041":"{","3042":"\\","3043":"r","3044":"\\","3045":"n","3046":" ","3047":" ","3048":" ","3049":" ","3050":" ","3051":" ","3052":" ","3053":" ","3054":" ","3055":" ","3056":"a","3057":"w","3058":"a","3059":"i","3060":"t","3061":" ","3062":"a","3063":"x","3064":"i","3065":"o","3066":"s","3067":".","3068":"p","3069":"u","3070":"t","3071":"(","3072":"`","3073":"$","3074":"{","3075":"s","3076":"e","3077":"r","3078":"v","3079":"e","3080":"r","3081":".","3082":"b","3083":"a","3084":"s","3085":"e","3086":"U","3087":"R","3088":"L","3089":"}","3090":"/","3091":"t","3092":"a","3093":"s","3094":"k","3095":"s","3096":"/","3097":"$","3098":"{","3099":"t","3100":"h","3101":"i","3102":"s","3103":".","3104":"t","3105":"a","3106":"s","3107":"k","3108":".","3109":"_","3110":"i","3111":"d","3112":"}","3113":"`","3114":",","3115":" ","3116":"d","3117":"a","3118":"t","3119":"a","3120":")","3121":";","3122":"\\","3123":"r","3124":"\\","3125":"n","3126":" ","3127":" ","3128":" ","3129":" ","3130":" ","3131":" ","3132":" ","3133":" ","3134":"}","3135":" ","3136":"e","3137":"l","3138":"s","3139":"e","3140":" ","3141":"{","3142":"\\","3143":"r","3144":"\\","3145":"n","3146":" ","3147":" ","3148":" ","3149":" ","3150":" ","3151":" ","3152":" ","3153":" ","3154":" ","3155":" ","3156":"a","3157":"w","3158":"a","3159":"i","3160":"t","3161":" ","3162":"a","3163":"x","3164":"i","3165":"o","3166":"s","3167":".","3168":"p","3169":"o","3170":"s","3171":"t","3172":"(","3173":"`","3174":"$","3175":"{","3176":"s","3177":"e","3178":"r","3179":"v","3180":"e","3181":"r","3182":".","3183":"b","3184":"a","3185":"s","3186":"e","3187":"U","3188":"R","3189":"L","3190":"}","3191":"/","3192":"t","3193":"a","3194":"s","3195":"k","3196":"s","3197":"/","3198":"`","3199":",","3200":" ","3201":"d","3202":"a","3203":"t","3204":"a","3205":")","3206":";","3207":"\\","3208":"r","3209":"\\","3210":"n","3211":" ","3212":" ","3213":" ","3214":" ","3215":" ","3216":" ","3217":" ","3218":" ","3219":"}","3220":"\\","3221":"r","3222":"\\","3223":"n","3224":" ","3225":" ","3226":" ","3227":" ","3228":" ","3229":" ","3230":" ","3231":" ","3232":"t","3233":"h","3234":"i","3235":"s","3236":".","3237":"$","3238":"e","3239":"m","3240":"i","3241":"t","3242":"(","3243":"\\","3244":"\"","3245":"s","3246":"u","3247":"b","3248":"m","3249":"i","3250":"t","3251":"\\","3252":"\"","3253":",","3254":" ","3255":"d","3256":"a","3257":"t","3258":"a","3259":")","3260":";","3261":"\\","3262":"r","3263":"\\","3264":"n","3265":" ","3266":" ","3267":" ","3268":" ","3269":" ","3270":" ","3271":"}","3272":" ","3273":"c","3274":"a","3275":"t","3276":"c","3277":"h","3278":" ","3279":"(","3280":"e","3281":"r","3282":"r","3283":"o","3284":"r","3285":")","3286":" ","3287":"{","3288":"\\","3289":"r","3290":"\\","3291":"n","3292":" ","3293":" ","3294":" ","3295":" ","3296":" ","3297":" ","3298":" ","3299":" ","3300":"c","3301":"o","3302":"n","3303":"s","3304":"o","3305":"l","3306":"e","3307":".","3308":"l","3309":"o","3310":"g","3311":"(","3312":"e","3313":"r","3314":"r","3315":"o","3316":"r","3317":".","3318":"r","3319":"e","3320":"s","3321":"p","3322":"o","3323":"n","3324":"s","3325":"e","3326":")","3327":";","3328":"\\","3329":"r","3330":"\\","3331":"n","3332":" ","3333":" ","3334":" ","3335":" ","3336":" ","3337":" ","3338":"}","3339":"\\","3340":"r","3341":"\\","3342":"n","3343":" ","3344":" ","3345":" ","3346":" ","3347":"}","3348":",","3349":"\\","3350":"r","3351":"\\","3352":"n","3353":" ","3354":" ","3355":"}","3356":",","3357":"\\","3358":"r","3359":"\\","3360":"n","3361":"}","3362":";","3363":"\\","3364":"r","3365":"\\","3366":"n","3367":"<","3368":"/","3369":"s","3370":"c","3371":"r","3372":"i","3373":"p","3374":"t","3375":">","3376":"\\","3377":"r","3378":"\\","3379":"n","3380":"\"","3381":"]","3382":"}"},"_coverageSchema":"1a1c01bbd47fc00a2c39e90264f33305004495a9","hash":"f5077bca90ef89fe143fc928842199fbf0a9207a"}
,"C:\\Users\\sting\\OneDrive\\Pulpit\\STUDIA CO TO JEST\\Semestr 7\\Inżynierka\\ToDoApp\\Todofy\\frontend\\src\\components\\TaskList.vue": {"path":"C:\\Users\\sting\\OneDrive\\Pulpit\\STUDIA CO TO JEST\\Semestr 7\\Inżynierka\\ToDoApp\\Todofy\\frontend\\src\\components\\TaskList.vue","statementMap":{"0":{"start":{"line":4,"column":0},"end":{"line":6,"column":3}},"1":{"start":{"line":7,"column":0},"end":{"line":7,"column":25}},"2":{"start":{"line":15,"column":15},"end":{"line":60,"column":1}},"3":{"start":{"line":18,"column":4},"end":{"line":20,"column":6}},"4":{"start":{"line":23,"column":4},"end":{"line":23,"column":22}},"5":{"start":{"line":27,"column":6},"end":{"line":41,"column":7}},"6":{"start":{"line":28,"column":25},"end":{"line":37,"column":9}},"7":{"start":{"line":38,"column":8},"end":{"line":38,"column":35}},"8":{"start":{"line":40,"column":8},"end":{"line":40,"column":29}},"9":{"start":{"line":44,"column":6},"end":{"line":44,"column":36}},"10":{"start":{"line":47,"column":6},"end":{"line":56,"column":8}},"11":{"start":{"line":57,"column":6},"end":{"line":57,"column":30}},"12":{"start":{"line":63,"column":0},"end":{"line":63,"column":13}},"13":{"start":{"line":65,"column":0},"end":{"line":67,"column":3}},"14":{"start":{"line":68,"column":0},"end":{"line":68,"column":24}},"15":{"start":{"line":69,"column":11},"end":{"line":69,"column":25}},"16":{"start":{"line":70,"column":32},"end":{"line":70,"column":416}},"17":{"start":{"line":73,"column":28},"end":{"line":73,"column":64}},"18":{"start":{"line":74,"column":27},"end":{"line":74,"column":62}},"19":{"start":{"line":75,"column":29},"end":{"line":75,"column":66}},"20":{"start":{"line":76,"column":33},"end":{"line":76,"column":74}},"21":{"start":{"line":77,"column":2},"end":{"line":129,"column":5}},"22":{"start":{"line":80,"column":37},"end":{"line":126,"column":9}},"23":{"start":{"line":81,"column":39},"end":{"line":123,"column":39}},"24":{"start":{"line":82,"column":8},"end":{"line":122,"column":61}},"25":{"start":{"line":98,"column":29},"end":{"line":98,"column":48}},"26":{"start":{"line":100,"column":43},"end":{"line":106,"column":13}},"27":{"start":{"line":104,"column":45},"end":{"line":104,"column":86}},"28":{"start":{"line":112,"column":29},"end":{"line":112,"column":50}},"29":{"start":{"line":114,"column":43},"end":{"line":119,"column":13}},"30":{"start":{"line":117,"column":45},"end":{"line":117,"column":86}},"31":{"start":{"line":130,"column":2},"end":{"line":130,"column":49}}},"fnMap":{"0":{"name":"(anonymous_0)","decl":{"start":{"line":17,"column":2},"end":{"line":17,"column":3}},"loc":{"start":{"line":17,"column":9},"end":{"line":21,"column":3}},"line":17},"1":{"name":"(anonymous_1)","decl":{"start":{"line":22,"column":2},"end":{"line":22,"column":3}},"loc":{"start":{"line":22,"column":18},"end":{"line":24,"column":3}},"line":22},"2":{"name":"(anonymous_2)","decl":{"start":{"line":26,"column":4},"end":{"line":26,"column":5}},"loc":{"start":{"line":26,"column":23},"end":{"line":42,"column":5}},"line":26},"3":{"name":"(anonymous_3)","decl":{"start":{"line":43,"column":4},"end":{"line":43,"column":5}},"loc":{"start":{"line":43,"column":19},"end":{"line":45,"column":5}},"line":43},"4":{"name":"(anonymous_4)","decl":{"start":{"line":46,"column":4},"end":{"line":46,"column":5}},"loc":{"start":{"line":46,"column":27},"end":{"line":58,"column":5}},"line":46},"5":{"name":"render","decl":{"start":{"line":72,"column":9},"end":{"line":72,"column":15}},"loc":{"start":{"line":72,"column":30},"end":{"line":130,"column":1}},"line":72},"6":{"name":"(anonymous_6)","decl":{"start":{"line":80,"column":31},"end":{"line":80,"column":32}},"loc":{"start":{"line":80,"column":37},"end":{"line":126,"column":9}},"line":80},"7":{"name":"(anonymous_7)","decl":{"start":{"line":81,"column":33},"end":{"line":81,"column":34}},"loc":{"start":{"line":81,"column":39},"end":{"line":123,"column":39}},"line":81},"8":{"name":"(anonymous_8)","decl":{"start":{"line":81,"column":208},"end":{"line":81,"column":209}},"loc":{"start":{"line":81,"column":216},"end":{"line":123,"column":7}},"line":81},"9":{"name":"(anonymous_9)","decl":{"start":{"line":98,"column":19},"end":{"line":98,"column":20}},"loc":{"start":{"line":98,"column":29},"end":{"line":98,"column":48}},"line":98},"10":{"name":"(anonymous_10)","decl":{"start":{"line":100,"column":37},"end":{"line":100,"column":38}},"loc":{"start":{"line":100,"column":43},"end":{"line":106,"column":13}},"line":100},"11":{"name":"(anonymous_11)","decl":{"start":{"line":104,"column":39},"end":{"line":104,"column":40}},"loc":{"start":{"line":104,"column":45},"end":{"line":104,"column":86}},"line":104},"12":{"name":"(anonymous_12)","decl":{"start":{"line":112,"column":19},"end":{"line":112,"column":20}},"loc":{"start":{"line":112,"column":29},"end":{"line":112,"column":50}},"line":112},"13":{"name":"(anonymous_13)","decl":{"start":{"line":114,"column":37},"end":{"line":114,"column":38}},"loc":{"start":{"line":114,"column":43},"end":{"line":119,"column":13}},"line":114},"14":{"name":"(anonymous_14)","decl":{"start":{"line":117,"column":39},"end":{"line":117,"column":40}},"loc":{"start":{"line":117,"column":45},"end":{"line":117,"column":86}},"line":117}},"branchMap":{"0":{"loc":{"start":{"line":93,"column":43},"end":{"line":93,"column":89}},"type":"cond-expr","locations":[{"start":{"line":93,"column":60},"end":{"line":93,"column":71}},{"start":{"line":93,"column":74},"end":{"line":93,"column":89}}],"line":93},"1":{"loc":{"start":{"line":94,"column":37},"end":{"line":94,"column":81}},"type":"cond-expr","locations":[{"start":{"line":94,"column":54},"end":{"line":94,"column":65}},{"start":{"line":94,"column":68},"end":{"line":94,"column":81}}],"line":94}},"s":{"0":1,"1":1,"2":1,"3":1,"4":1,"5":1,"6":1,"7":0,"8":0,"9":0,"10":0,"11":0,"12":1,"13":1,"14":1,"15":1,"16":1,"17":1,"18":1,"19":1,"20":1,"21":1,"22":1,"23":1,"24":2,"25":0,"26":2,"27":2,"28":0,"29":2,"30":2,"31":1},"f":{"0":1,"1":1,"2":1,"3":0,"4":0,"5":1,"6":1,"7":1,"8":2,"9":0,"10":2,"11":2,"12":0,"13":2,"14":2},"b":{"0":[1,1],"1":[1,1]},"inputSourceMap":{"0":"{","1":"\"","2":"v","3":"e","4":"r","5":"s","6":"i","7":"o","8":"n","9":"\"","10":":","11":"3","12":",","13":"\"","14":"s","15":"o","16":"u","17":"r","18":"c","19":"e","20":"s","21":"\"","22":":","23":"[","24":"\"","25":"C","26":":","27":"\\","28":"\\","29":"U","30":"s","31":"e","32":"r","33":"s","34":"\\","35":"\\","36":"s","37":"t","38":"i","39":"n","40":"g","41":"\\","42":"\\","43":"O","44":"n","45":"e","46":"D","47":"r","48":"i","49":"v","50":"e","51":"\\","52":"\\","53":"P","54":"u","55":"l","56":"p","57":"i","58":"t","59":"\\","60":"\\","61":"S","62":"T","63":"U","64":"D","65":"I","66":"A","67":" ","68":"C","69":"O","70":" ","71":"T","72":"O","73":" ","74":"J","75":"E","76":"S","77":"T","78":"\\","79":"\\","80":"S","81":"e","82":"m","83":"e","84":"s","85":"t","86":"r","87":" ","88":"7","89":"\\","90":"\\","91":"I","92":"n","93":"ż","94":"y","95":"n","96":"i","97":"e","98":"r","99":"k","100":"a","101":"\\","102":"\\","103":"T","104":"o","105":"D","106":"o","107":"A","108":"p","109":"p","110":"\\","111":"\\","112":"T","113":"o","114":"d","115":"o","116":"f","117":"y","118":"\\","119":"\\","120":"f","121":"r","122":"o","123":"n","124":"t","125":"e","126":"n","127":"d","128":"\\","129":"\\","130":"s","131":"r","132":"c","133":"\\","134":"\\","135":"c","136":"o","137":"m","138":"p","139":"o","140":"n","141":"e","142":"n","143":"t","144":"s","145":"\\","146":"\\","147":"T","148":"a","149":"s","150":"k","151":"L","152":"i","153":"s","154":"t","155":".","156":"v","157":"u","158":"e","159":"\"","160":"]","161":",","162":"\"","163":"n","164":"a","165":"m","166":"e","167":"s","168":"\"","169":":","170":"[","171":"]","172":",","173":"\"","174":"m","175":"a","176":"p","177":"p","178":"i","179":"n","180":"g","181":"s","182":"\"","183":":","184":"\"","185":";","186":";","187":";","188":";","189":";","190":";","191":";","192":"A","193":"A","194":"q","195":"C","196":"A","197":";","198":"A","199":"A","200":"A","201":"A","202":";","203":"A","204":"A","205":"A","206":"A","207":";","208":"A","209":"A","210":"C","211":"A","212":";","213":"A","214":"A","215":"A","216":"A","217":";","218":"A","219":"A","220":"A","221":"A","222":";","223":"A","224":"A","225":"A","226":"q","227":"C","228":";","229":"A","230":"A","231":"A","232":"A","233":",","234":"e","235":"A","236":"E","237":"t","238":"B","239":";","240":"E","241":"A","242":"C","243":"b","244":",","245":"I","246":"A","247":"A","248":"I","249":",","250":"E","251":"A","252":"A","253":"E","254":",","255":"U","256":"A","257":"A","258":"U","259":";","260":"E","261":"A","262":"C","263":"h","264":"B","265":",","266":"I","267":"A","268":"A","269":"I","270":",","271":"G","272":"A","273":"A","274":"G","275":";","276":"I","277":"A","278":"C","279":"L","280":",","281":"O","282":"A","283":"A","284":"O","285":";","286":"M","287":"A","288":"C","289":"L","290":",","291":"K","292":"A","293":"A","294":"K","295":",","296":"E","297":"A","298":"A","299":"E","300":";","301":"I","302":"A","303":"C","304":"T","305":",","306":"C","307":"A","308":"A","309":"C","310":";","311":"E","312":"A","313":"C","314":"H","315":",","316":"C","317":"A","318":"A","319":"C","320":";","321":"E","322":"A","323":"C","324":"D","325":",","326":"M","327":"A","328":"A","329":"M","330":",","331":"O","332":"A","333":"A","334":"O","335":",","336":"G","337":"A","338":"A","339":"G","340":";","341":"I","342":"A","343":"C","344":"d","345":",","346":"I","347":"A","348":"A","349":"I","350":",","351":"C","352":"A","353":"A","354":"C","355":",","356":"U","357":"A","358":"A","359":"U","360":",","361":"C","362":"A","363":"A","364":"C","365":",","366":"C","367":"A","368":"A","369":"C","370":";","371":"E","372":"A","373":"C","374":"n","375":"B","376":",","377":"C","378":"A","379":"A","380":"C","381":";","382":"E","383":"A","384":"C","385":"D","386":",","387":"O","388":"A","389":"A","390":"O","391":",","392":"E","393":"A","394":"A","395":"E","396":";","397":"I","398":"A","399":"C","400":"P","401":",","402":"M","403":"A","404":"A","405":"M","406":",","407":"U","408":"A","409":"A","410":"U","411":",","412":"G","413":"A","414":"A","415":"G","416":";","417":"M","418":"A","419":"C","420":"j","421":"B","422":",","423":"I","424":"A","425":"A","426":"I","427":";","428":"Q","429":"A","430":"C","431":"F","432":",","433":"M","434":"A","435":"A","436":"M","437":",","438":"Q","439":"A","440":"A","441":"Q","442":",","443":"G","444":"A","445":"A","446":"G","447":",","448":"M","449":"A","450":"A","451":"M","452":";","453":"U","454":"A","455":"A","456":"A","457":";","458":"U","459":"A","460":"A","461":"A","462":";","463":"U","464":"A","465":"A","466":"A","467":";","468":"U","469":"A","470":"A","471":"A","472":",","473":"O","474":"A","475":"A","476":"K","477":",","478":"C","479":"A","480":"A","481":"C","482":",","483":"G","484":"A","485":"A","486":"G","487":",","488":"C","489":"A","490":"A","491":"E","492":";","493":"U","494":"A","495":"A","496":"E","497":";","498":"U","499":"A","500":"A","501":"A","502":";","503":"U","504":"A","505":"A","506":"A","507":";","508":"U","509":"A","510":"A","511":"A","512":",","513":"M","514":"A","515":"A","516":"M","517":",","518":"C","519":"A","520":"A","521":"C","522":",","523":"O","524":"A","525":"A","526":"Q","527":",","528":"S","529":"A","530":"A","531":"Q","532":";","533":"Q","534":"A","535":"A","536":"C","537":";","538":"Q","539":"A","540":"C","541":"5","542":"D","543":",","544":"I","545":"A","546":"A","547":"I","548":",","549":"C","550":"A","551":"A","552":"C","553":",","554":"K","555":"A","556":"A","557":"K","558":",","559":"G","560":"A","561":"A","562":"G","563":",","564":"Q","565":"A","566":"A","567":"Q","568":",","569":"C","570":"A","571":"A","572":"C","573":",","574":"I","575":"A","576":"A","577":"I","578":";","579":"M","580":"A","581":"C","582":"5","583":"B","584":",","585":"C","586":"A","587":"A","588":"C","589":",","590":"C","591":"A","592":"A","593":"C","594":",","595":"O","596":"A","597":"A","598":"O","599":",","600":"K","601":"A","602":"A","603":"K","604":",","605":"E","606":"A","607":"A","608":"E","609":";","610":"Q","611":"A","612":"C","613":"d","614":",","615":"O","616":"A","617":"A","618":"O","619":",","620":"C","621":"A","622":"A","623":"C","624":",","625":"K","626":"A","627":"A","628":"K","629":",","630":"C","631":"A","632":"A","633":"C","634":",","635":"K","636":"A","637":"A","638":"K","639":",","640":"C","641":"A","642":"A","643":"C","644":";","645":"M","646":"A","647":"C","648":"t","649":"B","650":";","651":"I","652":"A","653":"C","654":"F","655":",","656":"C","657":"A","658":"A","659":"C","660":";","661":"I","662":"A","663":"C","664":"D","665":",","666":"Q","667":"A","668":"A","669":"Q","670":",","671":"C","672":"A","673":"A","674":"C","675":",","676":"I","677":"A","678":"A","679":"I","680":",","681":"E","682":"A","683":"A","684":"E","685":";","686":"M","687":"A","688":"C","689":"b","690":",","691":"I","692":"A","693":"A","694":"I","695":",","696":"C","697":"A","698":"A","699":"C","700":",","701":"K","702":"A","703":"A","704":"K","705":",","706":"C","707":"A","708":"A","709":"C","710":",","711":"W","712":"A","713":"A","714":"W","715":",","716":"E","717":"A","718":"A","719":"E","720":",","721":"I","722":"A","723":"A","724":"I","725":",","726":"C","727":"A","728":"A","729":"C","730":";","731":"I","732":"A","733":"C","734":"/","735":"B","736":",","737":"C","738":"A","739":"A","740":"C","741":";","742":"I","743":"A","744":"C","745":"D","746":",","747":"M","748":"A","749":"A","750":"M","751":",","752":"U","753":"A","754":"A","755":"U","756":",","757":"C","758":"A","759":"A","760":"C","761":",","762":"I","763":"A","764":"A","765":"I","766":",","767":"E","768":"A","769":"A","770":"E","771":";","772":"M","773":"A","774":"C","775":"r","776":"B","777":",","778":"M","779":"A","780":"A","781":"M","782":";","783":"Q","784":"A","785":"A","786":"A","787":";","788":"Q","789":"A","790":"A","791":"A","792":";","793":"Q","794":"A","795":"A","796":"A","797":";","798":"Q","799":"A","800":"A","801":"A","802":",","803":"O","804":"A","805":"A","806":"K","807":",","808":"C","809":"A","810":"A","811":"C","812":",","813":"M","814":"A","815":"A","816":"M","817":",","818":"C","819":"A","820":"A","821":"E","822":";","823":"Q","824":"A","825":"A","826":"E","827":";","828":"Q","829":"A","830":"A","831":"A","832":";","833":"Q","834":"A","835":"A","836":"A","837":";","838":"Q","839":"A","840":"A","841":"A","842":",","843":"M","844":"A","845":"A","846":"M","847":",","848":"C","849":"A","850":"A","851":"C","852":",","853":"O","854":"A","855":"A","856":"Q","857":",","858":"U","859":"A","860":"A","861":"S","862":",","863":"I","864":"A","865":"A","866":"I","867":",","868":"C","869":"A","870":"A","871":"C","872":",","873":"G","874":"A","875":"A","876":"I","877":",","878":"E","879":"A","880":"A","881":"C","882":";","883":"M","884":"A","885":"A","886":"C","887":";","888":"M","889":"A","890":"C","891":"z","892":"D","893":",","894":"M","895":"A","896":"A","897":"M","898":",","899":"I","900":"A","901":"A","902":"I","903":",","904":"C","905":"A","906":"A","907":"C","908":",","909":"U","910":"A","911":"A","912":"U","913":",","914":"C","915":"A","916":"A","917":"C","918":",","919":"C","920":"A","921":"A","922":"C","923":";","924":"I","925":"A","926":"C","927":"z","928":"B","929":";","930":"E","931":"A","932":"C","933":"F","934":";","935":"A","936":"A","937":"C","938":"F","939":",","940":"C","941":"A","942":"A","943":"C","944":";","945":"A","946":"A","947":"A","948":"A","949":";","950":"A","951":"A","952":"A","953":"A","954":"\"","955":",","956":"\"","957":"f","958":"i","959":"l","960":"e","961":"\"","962":":","963":"\"","964":"C","965":":","966":"\\","967":"\\","968":"U","969":"s","970":"e","971":"r","972":"s","973":"\\","974":"\\","975":"s","976":"t","977":"i","978":"n","979":"g","980":"\\","981":"\\","982":"O","983":"n","984":"e","985":"D","986":"r","987":"i","988":"v","989":"e","990":"\\","991":"\\","992":"P","993":"u","994":"l","995":"p","996":"i","997":"t","998":"\\","999":"\\","1000":"S","1001":"T","1002":"U","1003":"D","1004":"I","1005":"A","1006":" ","1007":"C","1008":"O","1009":" ","1010":"T","1011":"O","1012":" ","1013":"J","1014":"E","1015":"S","1016":"T","1017":"\\","1018":"\\","1019":"S","1020":"e","1021":"m","1022":"e","1023":"s","1024":"t","1025":"r","1026":" ","1027":"7","1028":"\\","1029":"\\","1030":"I","1031":"n","1032":"ż","1033":"y","1034":"n","1035":"i","1036":"e","1037":"r","1038":"k","1039":"a","1040":"\\","1041":"\\","1042":"T","1043":"o","1044":"D","1045":"o","1046":"A","1047":"p","1048":"p","1049":"\\","1050":"\\","1051":"T","1052":"o","1053":"d","1054":"o","1055":"f","1056":"y","1057":"\\","1058":"\\","1059":"f","1060":"r","1061":"o","1062":"n","1063":"t","1064":"e","1065":"n","1066":"d","1067":"\\","1068":"\\","1069":"s","1070":"r","1071":"c","1072":"\\","1073":"\\","1074":"c","1075":"o","1076":"m","1077":"p","1078":"o","1079":"n","1080":"e","1081":"n","1082":"t","1083":"s","1084":"\\","1085":"\\","1086":"T","1087":"a","1088":"s","1089":"k","1090":"L","1091":"i","1092":"s","1093":"t","1094":".","1095":"v","1096":"u","1097":"e","1098":"\"","1099":",","1100":"\"","1101":"s","1102":"o","1103":"u","1104":"r","1105":"c","1106":"e","1107":"s","1108":"C","1109":"o","1110":"n","1111":"t","1112":"e","1113":"n","1114":"t","1115":"\"","1116":":","1117":"[","1118":"\"","1119":"<","1120":"t","1121":"e","1122":"m","1123":"p","1124":"l","1125":"a","1126":"t","1127":"e","1128":">","1129":"\\","1130":"r","1131":"\\","1132":"n","1133":" ","1134":" ","1135":"<","1136":"v","1137":"-","1138":"c","1139":"o","1140":"n","1141":"t","1142":"a","1143":"i","1144":"n","1145":"e","1146":"r","1147":" ","1148":"f","1149":"l","1150":"u","1151":"i","1152":"d","1153":">","1154":"\\","1155":"r","1156":"\\","1157":"n","1158":" ","1159":" ","1160":" ","1161":" ","1162":"<","1163":"d","1164":"i","1165":"v","1166":">","1167":"\\","1168":"r","1169":"\\","1170":"n","1171":" ","1172":" ","1173":" ","1174":" ","1175":" ","1176":" ","1177":"<","1178":"v","1179":"-","1180":"t","1181":"a","1182":"b","1183":"l","1184":"e","1185":">","1186":"\\","1187":"r","1188":"\\","1189":"n","1190":" ","1191":" ","1192":" ","1193":" ","1194":" ","1195":" ","1196":" ","1197":" ","1198":"<","1199":"t","1200":"h","1201":"e","1202":"a","1203":"d","1204":">","1205":"\\","1206":"r","1207":"\\","1208":"n","1209":" ","1210":" ","1211":" ","1212":" ","1213":" ","1214":" ","1215":" ","1216":" ","1217":" ","1218":" ","1219":"<","1220":"t","1221":"r","1222":">","1223":"\\","1224":"r","1225":"\\","1226":"n","1227":" ","1228":" ","1229":" ","1230":" ","1231":" ","1232":" ","1233":" ","1234":" ","1235":" ","1236":" ","1237":" ","1238":" ","1239":"<","1240":"t","1241":"h","1242":">","1243":"N","1244":"a","1245":"m","1246":"e","1247":"<","1248":"/","1249":"t","1250":"h","1251":">","1252":"\\","1253":"r","1254":"\\","1255":"n","1256":" ","1257":" ","1258":" ","1259":" ","1260":" ","1261":" ","1262":" ","1263":" ","1264":" ","1265":" ","1266":" ","1267":" ","1268":"<","1269":"t","1270":"h","1271":">","1272":"D","1273":"e","1274":"s","1275":"c","1276":"r","1277":"i","1278":"p","1279":"t","1280":"i","1281":"o","1282":"n","1283":"<","1284":"/","1285":"t","1286":"h","1287":">","1288":"\\","1289":"r","1290":"\\","1291":"n","1292":" ","1293":" ","1294":" ","1295":" ","1296":" ","1297":" ","1298":" ","1299":" ","1300":" ","1301":" ","1302":" ","1303":" ","1304":"<","1305":"t","1306":"h","1307":">","1308":"S","1309":"t","1310":"a","1311":"t","1312":"u","1313":"s","1314":"<","1315":"/","1316":"t","1317":"h","1318":">","1319":"\\","1320":"r","1321":"\\","1322":"n","1323":" ","1324":" ","1325":" ","1326":" ","1327":" ","1328":" ","1329":" ","1330":" ","1331":" ","1332":" ","1333":" ","1334":" ","1335":"<","1336":"t","1337":"h","1338":">","1339":"A","1340":"c","1341":"t","1342":"i","1343":"o","1344":"n","1345":"s","1346":"<","1347":"/","1348":"t","1349":"h","1350":">","1351":"\\","1352":"r","1353":"\\","1354":"n","1355":" ","1356":" ","1357":" ","1358":" ","1359":" ","1360":" ","1361":" ","1362":" ","1363":" ","1364":" ","1365":"<","1366":"/","1367":"t","1368":"r","1369":">","1370":"\\","1371":"r","1372":"\\","1373":"n","1374":" ","1375":" ","1376":" ","1377":" ","1378":" ","1379":" ","1380":" ","1381":" ","1382":"<","1383":"/","1384":"t","1385":"h","1386":"e","1387":"a","1388":"d","1389":">","1390":"\\","1391":"r","1392":"\\","1393":"n","1394":" ","1395":" ","1396":" ","1397":" ","1398":" ","1399":" ","1400":" ","1401":" ","1402":"<","1403":"t","1404":"b","1405":"o","1406":"d","1407":"y","1408":">","1409":"\\","1410":"r","1411":"\\","1412":"n","1413":" ","1414":" ","1415":" ","1416":" ","1417":" ","1418":" ","1419":" ","1420":" ","1421":" ","1422":" ","1423":"<","1424":"t","1425":"r","1426":" ","1427":"v","1428":"-","1429":"f","1430":"o","1431":"r","1432":"=","1433":"\\","1434":"\"","1435":"t","1436":"a","1437":"s","1438":"k","1439":" ","1440":"i","1441":"n","1442":" ","1443":"t","1444":"a","1445":"s","1446":"k","1447":"s","1448":"\\","1449":"\"","1450":" ","1451":":","1452":"k","1453":"e","1454":"y","1455":"=","1456":"\\","1457":"\"","1458":"t","1459":"a","1460":"s","1461":"k","1462":".","1463":"_","1464":"i","1465":"d","1466":"\\","1467":"\"","1468":">","1469":"\\","1470":"r","1471":"\\","1472":"n","1473":" ","1474":" ","1475":" ","1476":" ","1477":" ","1478":" ","1479":" ","1480":" ","1481":" ","1482":" ","1483":" ","1484":" ","1485":"<","1486":"t","1487":"d","1488":" ","1489":":","1490":"c","1491":"l","1492":"a","1493":"s","1494":"s","1495":"=","1496":"\\","1497":"\"","1498":"{","1499":" ","1500":"c","1501":"o","1502":"m","1503":"p","1504":"l","1505":"e","1506":"t","1507":"e","1508":"d","1509":"T","1510":":","1511":" ","1512":"t","1513":"a","1514":"s","1515":"k","1516":".","1517":"c","1518":"o","1519":"m","1520":"p","1521":"l","1522":"e","1523":"t","1524":"e","1525":"d","1526":" ","1527":"}","1528":"\\","1529":"\"","1530":">","1531":"{","1532":"{","1533":" ","1534":"t","1535":"a","1536":"s","1537":"k","1538":".","1539":"n","1540":"a","1541":"m","1542":"e","1543":" ","1544":"}","1545":"}","1546":"<","1547":"/","1548":"t","1549":"d","1550":">","1551":"\\","1552":"r","1553":"\\","1554":"n","1555":" ","1556":" ","1557":" ","1558":" ","1559":" ","1560":" ","1561":" ","1562":" ","1563":" ","1564":" ","1565":" ","1566":" ","1567":"<","1568":"t","1569":"d","1570":" ","1571":":","1572":"c","1573":"l","1574":"a","1575":"s","1576":"s","1577":"=","1578":"\\","1579":"\"","1580":"{","1581":" ","1582":"c","1583":"o","1584":"m","1585":"p","1586":"l","1587":"e","1588":"t","1589":"e","1590":"d","1591":"T","1592":":","1593":" ","1594":"t","1595":"a","1596":"s","1597":"k","1598":".","1599":"c","1600":"o","1601":"m","1602":"p","1603":"l","1604":"e","1605":"t","1606":"e","1607":"d","1608":" ","1609":"}","1610":"\\","1611":"\"","1612":">","1613":"\\","1614":"r","1615":"\\","1616":"n","1617":" ","1618":" ","1619":" ","1620":" ","1621":" ","1622":" ","1623":" ","1624":" ","1625":" ","1626":" ","1627":" ","1628":" ","1629":" ","1630":" ","1631":"{","1632":"{","1633":" ","1634":"t","1635":"a","1636":"s","1637":"k","1638":".","1639":"d","1640":"e","1641":"s","1642":"c","1643":"r","1644":"i","1645":"p","1646":"t","1647":"i","1648":"o","1649":"n","1650":" ","1651":"}","1652":"}","1653":"\\","1654":"r","1655":"\\","1656":"n","1657":" ","1658":" ","1659":" ","1660":" ","1661":" ","1662":" ","1663":" ","1664":" ","1665":" ","1666":" ","1667":" ","1668":" ","1669":"<","1670":"/","1671":"t","1672":"d","1673":">","1674":"\\","1675":"r","1676":"\\","1677":"n","1678":" ","1679":" ","1680":" ","1681":" ","1682":" ","1683":" ","1684":" ","1685":" ","1686":" ","1687":" ","1688":" ","1689":" ","1690":"<","1691":"t","1692":"d","1693":" ","1694":"v","1695":"-","1696":"b","1697":"i","1698":"n","1699":"d","1700":":","1701":"c","1702":"l","1703":"a","1704":"s","1705":"s","1706":"=","1707":"\\","1708":"\"","1709":"[","1710":"t","1711":"a","1712":"s","1713":"k","1714":".","1715":"c","1716":"o","1717":"m","1718":"p","1719":"l","1720":"e","1721":"t","1722":"e","1723":"d","1724":" ","1725":"?","1726":" ","1727":"'","1728":"c","1729":"o","1730":"m","1731":"p","1732":"l","1733":"e","1734":"t","1735":"e","1736":"d","1737":"'","1738":" ","1739":":","1740":" ","1741":"'","1742":"n","1743":"o","1744":"t","1745":"-","1746":"c","1747":"o","1748":"m","1749":"p","1750":"l","1751":"e","1752":"t","1753":"e","1754":"d","1755":"'","1756":"]","1757":"\\","1758":"\"","1759":">","1760":"\\","1761":"r","1762":"\\","1763":"n","1764":" ","1765":" ","1766":" ","1767":" ","1768":" ","1769":" ","1770":" ","1771":" ","1772":" ","1773":" ","1774":" ","1775":" ","1776":" ","1777":" ","1778":"{","1779":"{","1780":" ","1781":"t","1782":"a","1783":"s","1784":"k","1785":".","1786":"c","1787":"o","1788":"m","1789":"p","1790":"l","1791":"e","1792":"t","1793":"e","1794":"d","1795":" ","1796":"?","1797":" ","1798":"\\","1799":"\"","1800":"C","1801":"o","1802":"m","1803":"p","1804":"l","1805":"e","1806":"t","1807":"e","1808":"d","1809":"\\","1810":"\"","1811":" ","1812":":","1813":" ","1814":"\\","1815":"\"","1816":"U","1817":"n","1818":"c","1819":"o","1820":"m","1821":"p","1822":"l","1823":"e","1824":"t","1825":"e","1826":"d","1827":"\\","1828":"\"","1829":" ","1830":"}","1831":"}","1832":"\\","1833":"r","1834":"\\","1835":"n","1836":" ","1837":" ","1838":" ","1839":" ","1840":" ","1841":" ","1842":" ","1843":" ","1844":" ","1845":" ","1846":" ","1847":" ","1848":"<","1849":"/","1850":"t","1851":"d","1852":">","1853":"\\","1854":"r","1855":"\\","1856":"n","1857":" ","1858":" ","1859":" ","1860":" ","1861":" ","1862":" ","1863":" ","1864":" ","1865":" ","1866":" ","1867":" ","1868":" ","1869":"<","1870":"t","1871":"d","1872":">","1873":"\\","1874":"r","1875":"\\","1876":"n","1877":" ","1878":" ","1879":" ","1880":" ","1881":" ","1882":" ","1883":" ","1884":" ","1885":" ","1886":" ","1887":" ","1888":" ","1889":" ","1890":" ","1891":"<","1892":"v","1893":"-","1894":"b","1895":"t","1896":"n","1897":" ","1898":"c","1899":"o","1900":"l","1901":"o","1902":"r","1903":"=","1904":"\\","1905":"\"","1906":"b","1907":"l","1908":"u","1909":"e","1910":"\\","1911":"\"","1912":" ","1913":"c","1914":"l","1915":"a","1916":"s","1917":"s","1918":"=","1919":"\\","1920":"\"","1921":"m","1922":"e","1923":"-","1924":"4","1925":"\\","1926":"\"","1927":" ","1928":"s","1929":"m","1930":"a","1931":"l","1932":"l","1933":" ","1934":"@","1935":"c","1936":"l","1937":"i","1938":"c","1939":"k","1940":"=","1941":"\\","1942":"\"","1943":"e","1944":"d","1945":"i","1946":"t","1947":"T","1948":"a","1949":"s","1950":"k","1951":"(","1952":"t","1953":"a","1954":"s","1955":"k","1956":")","1957":"\\","1958":"\"","1959":">","1960":"\\","1961":"r","1962":"\\","1963":"n","1964":" ","1965":" ","1966":" ","1967":" ","1968":" ","1969":" ","1970":" ","1971":" ","1972":" ","1973":" ","1974":" ","1975":" ","1976":" ","1977":" ","1978":" ","1979":" ","1980":"<","1981":"v","1982":"-","1983":"i","1984":"c","1985":"o","1986":"n","1987":" ","1988":"s","1989":"m","1990":"a","1991":"l","1992":"l","1993":" ","1994":"c","1995":"l","1996":"a","1997":"s","1998":"s","1999":"=","2000":"\\","2001":"\"","2002":"m","2003":"r","2004":"-","2005":"2","2006":"\\","2007":"\"","2008":">","2009":"m","2010":"d","2011":"i","2012":"-","2013":"p","2014":"e","2015":"n","2016":"c","2017":"i","2018":"l","2019":"<","2020":"/","2021":"v","2022":"-","2023":"i","2024":"c","2025":"o","2026":"n","2027":">","2028":"\\","2029":"r","2030":"\\","2031":"n","2032":" ","2033":" ","2034":" ","2035":" ","2036":" ","2037":" ","2038":" ","2039":" ","2040":" ","2041":" ","2042":" ","2043":" ","2044":" ","2045":" ","2046":"<","2047":"/","2048":"v","2049":"-","2050":"b","2051":"t","2052":"n","2053":">","2054":"\\","2055":"r","2056":"\\","2057":"n","2058":" ","2059":" ","2060":" ","2061":" ","2062":" ","2063":" ","2064":" ","2065":" ","2066":" ","2067":" ","2068":" ","2069":" ","2070":" ","2071":" ","2072":"<","2073":"v","2074":"-","2075":"b","2076":"t","2077":"n","2078":" ","2079":"c","2080":"o","2081":"l","2082":"o","2083":"r","2084":"=","2085":"\\","2086":"\"","2087":"r","2088":"e","2089":"d","2090":"\\","2091":"\"","2092":" ","2093":"s","2094":"m","2095":"a","2096":"l","2097":"l","2098":" ","2099":"@","2100":"c","2101":"l","2102":"i","2103":"c","2104":"k","2105":"=","2106":"\\","2107":"\"","2108":"d","2109":"e","2110":"l","2111":"e","2112":"t","2113":"e","2114":"T","2115":"a","2116":"s","2117":"k","2118":"(","2119":"t","2120":"a","2121":"s","2122":"k","2123":")","2124":"\\","2125":"\"","2126":">","2127":"\\","2128":"r","2129":"\\","2130":"n","2131":" ","2132":" ","2133":" ","2134":" ","2135":" ","2136":" ","2137":" ","2138":" ","2139":" ","2140":" ","2141":" ","2142":" ","2143":" ","2144":" ","2145":" ","2146":" ","2147":"<","2148":"v","2149":"-","2150":"i","2151":"c","2152":"o","2153":"n","2154":" ","2155":"s","2156":"m","2157":"a","2158":"l","2159":"l","2160":">","2161":"m","2162":"d","2163":"i","2164":"-","2165":"d","2166":"e","2167":"l","2168":"e","2169":"t","2170":"e","2171":"<","2172":"/","2173":"v","2174":"-","2175":"i","2176":"c","2177":"o","2178":"n","2179":">","2180":"\\","2181":"r","2182":"\\","2183":"n","2184":" ","2185":" ","2186":" ","2187":" ","2188":" ","2189":" ","2190":" ","2191":" ","2192":" ","2193":" ","2194":" ","2195":" ","2196":" ","2197":" ","2198":"<","2199":"/","2200":"v","2201":"-","2202":"b","2203":"t","2204":"n","2205":">","2206":"\\","2207":"r","2208":"\\","2209":"n","2210":" ","2211":" ","2212":" ","2213":" ","2214":" ","2215":" ","2216":" ","2217":" ","2218":" ","2219":" ","2220":" ","2221":" ","2222":"<","2223":"/","2224":"t","2225":"d","2226":">","2227":"\\","2228":"r","2229":"\\","2230":"n","2231":" ","2232":" ","2233":" ","2234":" ","2235":" ","2236":" ","2237":" ","2238":" ","2239":" ","2240":" ","2241":"<","2242":"/","2243":"t","2244":"r","2245":">","2246":"\\","2247":"r","2248":"\\","2249":"n","2250":" ","2251":" ","2252":" ","2253":" ","2254":" ","2255":" ","2256":" ","2257":" ","2258":"<","2259":"/","2260":"t","2261":"b","2262":"o","2263":"d","2264":"y","2265":">","2266":"\\","2267":"r","2268":"\\","2269":"n","2270":" ","2271":" ","2272":" ","2273":" ","2274":" ","2275":" ","2276":"<","2277":"/","2278":"v","2279":"-","2280":"t","2281":"a","2282":"b","2283":"l","2284":"e","2285":">","2286":"\\","2287":"r","2288":"\\","2289":"n","2290":" ","2291":" ","2292":" ","2293":" ","2294":"<","2295":"/","2296":"d","2297":"i","2298":"v","2299":">","2300":"\\","2301":"r","2302":"\\","2303":"n","2304":" ","2305":" ","2306":"<","2307":"/","2308":"v","2309":"-","2310":"c","2311":"o","2312":"n","2313":"t","2314":"a","2315":"i","2316":"n","2317":"e","2318":"r","2319":">","2320":"\\","2321":"r","2322":"\\","2323":"n","2324":"<","2325":"/","2326":"t","2327":"e","2328":"m","2329":"p","2330":"l","2331":"a","2332":"t","2333":"e","2334":">","2335":"\\","2336":"r","2337":"\\","2338":"n","2339":"\\","2340":"r","2341":"\\","2342":"n","2343":"<","2344":"s","2345":"c","2346":"r","2347":"i","2348":"p","2349":"t","2350":">","2351":"\\","2352":"r","2353":"\\","2354":"n","2355":"i","2356":"m","2357":"p","2358":"o","2359":"r","2360":"t","2361":" ","2362":"a","2363":"x","2364":"i","2365":"o","2366":"s","2367":" ","2368":"f","2369":"r","2370":"o","2371":"m","2372":" ","2373":"\\","2374":"\"","2375":"a","2376":"x","2377":"i","2378":"o","2379":"s","2380":"\\","2381":"\"","2382":";","2383":"\\","2384":"r","2385":"\\","2386":"n","2387":"i","2388":"m","2389":"p","2390":"o","2391":"r","2392":"t","2393":" ","2394":"{","2395":" ","2396":"s","2397":"e","2398":"r","2399":"v","2400":"e","2401":"r","2402":" ","2403":"}","2404":" ","2405":"f","2406":"r","2407":"o","2408":"m","2409":" ","2410":"\\","2411":"\"","2412":"@","2413":"/","2414":"u","2415":"t","2416":"i","2417":"l","2418":"s","2419":"/","2420":"a","2421":"p","2422":"i","2423":"\\","2424":"\"","2425":";","2426":"\\","2427":"r","2428":"\\","2429":"n","2430":"\\","2431":"r","2432":"\\","2433":"n","2434":"e","2435":"x","2436":"p","2437":"o","2438":"r","2439":"t","2440":" ","2441":"d","2442":"e","2443":"f","2444":"a","2445":"u","2446":"l","2447":"t","2448":" ","2449":"{","2450":"\\","2451":"r","2452":"\\","2453":"n","2454":" ","2455":" ","2456":"n","2457":"a","2458":"m","2459":"e","2460":":","2461":" ","2462":"\\","2463":"\"","2464":"T","2465":"a","2466":"s","2467":"k","2468":"L","2469":"i","2470":"s","2471":"t","2472":"\\","2473":"\"","2474":",","2475":"\\","2476":"r","2477":"\\","2478":"n","2479":" ","2480":" ","2481":"d","2482":"a","2483":"t","2484":"a","2485":"(","2486":")","2487":" ","2488":"{","2489":"\\","2490":"r","2491":"\\","2492":"n","2493":" ","2494":" ","2495":" ","2496":" ","2497":"r","2498":"e","2499":"t","2500":"u","2501":"r","2502":"n","2503":" ","2504":"{","2505":"\\","2506":"r","2507":"\\","2508":"n","2509":" ","2510":" ","2511":" ","2512":" ","2513":" ","2514":" ","2515":"t","2516":"a","2517":"s","2518":"k","2519":"s","2520":":","2521":" ","2522":"[","2523":"]","2524":",","2525":"\\","2526":"r","2527":"\\","2528":"n","2529":" ","2530":" ","2531":" ","2532":" ","2533":"}","2534":";","2535":"\\","2536":"r","2537":"\\","2538":"n","2539":" ","2540":" ","2541":"}","2542":",","2543":"\\","2544":"r","2545":"\\","2546":"n","2547":" ","2548":" ","2549":"a","2550":"s","2551":"y","2552":"n","2553":"c","2554":" ","2555":"c","2556":"r","2557":"e","2558":"a","2559":"t","2560":"e","2561":"d","2562":"(","2563":")","2564":" ","2565":"{","2566":"\\","2567":"r","2568":"\\","2569":"n","2570":" ","2571":" ","2572":" ","2573":" ","2574":"t","2575":"h","2576":"i","2577":"s","2578":".","2579":"f","2580":"e","2581":"t","2582":"c","2583":"h","2584":"T","2585":"a","2586":"s","2587":"k","2588":"s","2589":"(","2590":")","2591":";","2592":"\\","2593":"r","2594":"\\","2595":"n","2596":" ","2597":" ","2598":"}","2599":",","2600":"\\","2601":"r","2602":"\\","2603":"n","2604":" ","2605":" ","2606":"m","2607":"e","2608":"t","2609":"h","2610":"o","2611":"d","2612":"s","2613":":","2614":" ","2615":"{","2616":"\\","2617":"r","2618":"\\","2619":"n","2620":" ","2621":" ","2622":" ","2623":" ","2624":"a","2625":"s","2626":"y","2627":"n","2628":"c","2629":" ","2630":"f","2631":"e","2632":"t","2633":"c","2634":"h","2635":"T","2636":"a","2637":"s","2638":"k","2639":"s","2640":"(","2641":")","2642":" ","2643":"{","2644":"\\","2645":"r","2646":"\\","2647":"n","2648":" ","2649":" ","2650":" ","2651":" ","2652":" ","2653":" ","2654":"t","2655":"r","2656":"y","2657":" ","2658":"{","2659":"\\","2660":"r","2661":"\\","2662":"n","2663":" ","2664":" ","2665":" ","2666":" ","2667":" ","2668":" ","2669":" ","2670":" ","2671":"c","2672":"o","2673":"n","2674":"s","2675":"t","2676":" ","2677":"r","2678":"e","2679":"s","2680":"p","2681":"o","2682":"n","2683":"s","2684":"e","2685":" ","2686":"=","2687":" ","2688":"a","2689":"w","2690":"a","2691":"i","2692":"t","2693":" ","2694":"a","2695":"x","2696":"i","2697":"o","2698":"s","2699":".","2700":"g","2701":"e","2702":"t","2703":"(","2704":"`","2705":"$","2706":"{","2707":"s","2708":"e","2709":"r","2710":"v","2711":"e","2712":"r","2713":".","2714":"b","2715":"a","2716":"s","2717":"e","2718":"U","2719":"R","2720":"L","2721":"}","2722":"/","2723":"t","2724":"a","2725":"s","2726":"k","2727":"s","2728":"/","2729":"`","2730":")","2731":";","2732":"\\","2733":"r","2734":"\\","2735":"n","2736":" ","2737":" ","2738":" ","2739":" ","2740":" ","2741":" ","2742":" ","2743":" ","2744":"t","2745":"h","2746":"i","2747":"s","2748":".","2749":"t","2750":"a","2751":"s","2752":"k","2753":"s","2754":" ","2755":"=","2756":" ","2757":"r","2758":"e","2759":"s","2760":"p","2761":"o","2762":"n","2763":"s","2764":"e","2765":".","2766":"d","2767":"a","2768":"t","2769":"a","2770":";","2771":"\\","2772":"r","2773":"\\","2774":"n","2775":" ","2776":" ","2777":" ","2778":" ","2779":" ","2780":" ","2781":"}","2782":" ","2783":"c","2784":"a","2785":"t","2786":"c","2787":"h","2788":" ","2789":"(","2790":"e","2791":"r","2792":"r","2793":"o","2794":"r","2795":")","2796":" ","2797":"{","2798":"\\","2799":"r","2800":"\\","2801":"n","2802":" ","2803":" ","2804":" ","2805":" ","2806":" ","2807":" ","2808":" ","2809":" ","2810":"c","2811":"o","2812":"n","2813":"s","2814":"o","2815":"l","2816":"e","2817":".","2818":"e","2819":"r","2820":"r","2821":"o","2822":"r","2823":"(","2824":"e","2825":"r","2826":"r","2827":"o","2828":"r","2829":")","2830":";","2831":"\\","2832":"r","2833":"\\","2834":"n","2835":" ","2836":" ","2837":" ","2838":" ","2839":" ","2840":" ","2841":"}","2842":"\\","2843":"r","2844":"\\","2845":"n","2846":" ","2847":" ","2848":" ","2849":" ","2850":"}","2851":",","2852":"\\","2853":"r","2854":"\\","2855":"n","2856":" ","2857":" ","2858":" ","2859":" ","2860":"e","2861":"d","2862":"i","2863":"t","2864":"T","2865":"a","2866":"s","2867":"k","2868":"(","2869":"t","2870":"a","2871":"s","2872":"k","2873":")","2874":" ","2875":"{","2876":"\\","2877":"r","2878":"\\","2879":"n","2880":" ","2881":" ","2882":" ","2883":" ","2884":" ","2885":" ","2886":"t","2887":"h","2888":"i","2889":"s","2890":".","2891":"$","2892":"e","2893":"m","2894":"i","2895":"t","2896":"(","2897":"\\","2898":"\"","2899":"e","2900":"d","2901":"i","2902":"t","2903":"-","2904":"t","2905":"a","2906":"s","2907":"k","2908":"\\","2909":"\"","2910":",","2911":" ","2912":"t","2913":"a","2914":"s","2915":"k","2916":")","2917":";","2918":"\\","2919":"r","2920":"\\","2921":"n","2922":" ","2923":" ","2924":" ","2925":" ","2926":"}","2927":",","2928":"\\","2929":"r","2930":"\\","2931":"n","2932":" ","2933":" ","2934":" ","2935":" ","2936":"a","2937":"s","2938":"y","2939":"n","2940":"c","2941":" ","2942":"d","2943":"e","2944":"l","2945":"e","2946":"t","2947":"e","2948":"T","2949":"a","2950":"s","2951":"k","2952":"(","2953":"t","2954":"a","2955":"s","2956":"k","2957":")","2958":" ","2959":"{","2960":"\\","2961":"r","2962":"\\","2963":"n","2964":" ","2965":" ","2966":" ","2967":" ","2968":" ","2969":" ","2970":"a","2971":"w","2972":"a","2973":"i","2974":"t","2975":" ","2976":"a","2977":"x","2978":"i","2979":"o","2980":"s","2981":".","2982":"d","2983":"e","2984":"l","2985":"e","2986":"t","2987":"e","2988":"(","2989":"`","2990":"$","2991":"{","2992":"s","2993":"e","2994":"r","2995":"v","2996":"e","2997":"r","2998":".","2999":"b","3000":"a","3001":"s","3002":"e","3003":"U","3004":"R","3005":"L","3006":"}","3007":"/","3008":"t","3009":"a","3010":"s","3011":"k","3012":"s","3013":"/","3014":"$","3015":"{","3016":"t","3017":"a","3018":"s","3019":"k","3020":".","3021":"_","3022":"i","3023":"d","3024":"}","3025":"`","3026":")","3027":";","3028":"\\","3029":"r","3030":"\\","3031":"n","3032":" ","3033":" ","3034":" ","3035":" ","3036":" ","3037":" ","3038":"a","3039":"w","3040":"a","3041":"i","3042":"t","3043":" ","3044":"t","3045":"h","3046":"i","3047":"s","3048":".","3049":"f","3050":"e","3051":"t","3052":"c","3053":"h","3054":"T","3055":"a","3056":"s","3057":"k","3058":"s","3059":"(","3060":")","3061":";","3062":"\\","3063":"r","3064":"\\","3065":"n","3066":" ","3067":" ","3068":" ","3069":" ","3070":"}","3071":",","3072":"\\","3073":"r","3074":"\\","3075":"n","3076":" ","3077":" ","3078":"}","3079":",","3080":"\\","3081":"r","3082":"\\","3083":"n","3084":"}","3085":";","3086":"\\","3087":"r","3088":"\\","3089":"n","3090":"<","3091":"/","3092":"s","3093":"c","3094":"r","3095":"i","3096":"p","3097":"t","3098":">","3099":"\\","3100":"r","3101":"\\","3102":"n","3103":"\\","3104":"r","3105":"\\","3106":"n","3107":"<","3108":"s","3109":"t","3110":"y","3111":"l","3112":"e","3113":">","3114":"\\","3115":"r","3116":"\\","3117":"n","3118":".","3119":"c","3120":"o","3121":"m","3122":"p","3123":"l","3124":"e","3125":"t","3126":"e","3127":"d","3128":" ","3129":"{","3130":"\\","3131":"r","3132":"\\","3133":"n","3134":" ","3135":" ","3136":"c","3137":"o","3138":"l","3139":"o","3140":"r","3141":":","3142":" ","3143":"g","3144":"r","3145":"e","3146":"e","3147":"n","3148":";","3149":"\\","3150":"r","3151":"\\","3152":"n","3153":"}","3154":"\\","3155":"r","3156":"\\","3157":"n","3158":".","3159":"c","3160":"o","3161":"m","3162":"p","3163":"l","3164":"e","3165":"t","3166":"e","3167":"d","3168":"T","3169":" ","3170":"{","3171":"\\","3172":"r","3173":"\\","3174":"n","3175":" ","3176":" ","3177":"t","3178":"e","3179":"x","3180":"t","3181":"-","3182":"d","3183":"e","3184":"c","3185":"o","3186":"r","3187":"a","3188":"t","3189":"i","3190":"o","3191":"n","3192":":","3193":" ","3194":"l","3195":"i","3196":"n","3197":"e","3198":"-","3199":"t","3200":"h","3201":"r","3202":"o","3203":"u","3204":"g","3205":"h","3206":";","3207":"\\","3208":"r","3209":"\\","3210":"n","3211":"}","3212":"\\","3213":"r","3214":"\\","3215":"n","3216":".","3217":"n","3218":"o","3219":"t","3220":"-","3221":"c","3222":"o","3223":"m","3224":"p","3225":"l","3226":"e","3227":"t","3228":"e","3229":"d","3230":" ","3231":"{","3232":"\\","3233":"r","3234":"\\","3235":"n","3236":" ","3237":" ","3238":"c","3239":"o","3240":"l","3241":"o","3242":"r","3243":":","3244":" ","3245":"r","3246":"e","3247":"d","3248":";","3249":"\\","3250":"r","3251":"\\","3252":"n","3253":"}","3254":"\\","3255":"r","3256":"\\","3257":"n","3258":"<","3259":"/","3260":"s","3261":"t","3262":"y","3263":"l","3264":"e","3265":">","3266":"\\","3267":"r","3268":"\\","3269":"n","3270":"\"","3271":"]","3272":"}"},"_coverageSchema":"1a1c01bbd47fc00a2c39e90264f33305004495a9","hash":"1a37481affe049bdf84c3904b8123c331b046237"}
}
