TN:
SF:src\components\NavBar.vue
FN:20,render
FN:27,(anonymous_1)
FN:30,(anonymous_2)
FN:31,(anonymous_3)
FNF:4
FNH:4
FNDA:2,render
FNDA:2,(anonymous_1)
FNDA:2,(anonymous_2)
FNDA:2,(anonymous_3)
DA:4,1
DA:7,1
DA:8,1
DA:13,1
DA:15,1
DA:18,1
DA:19,1
DA:21,2
DA:22,2
DA:23,2
DA:24,2
DA:27,2
DA:30,2
DA:31,2
DA:40,1
LF:15
LH:15
BRF:0
BRH:0
end_of_record
TN:
SF:src\components\TaskForm.vue
FN:20,(anonymous_0)
FN:27,(anonymous_1)
FN:36,(anonymous_2)
FN:45,(anonymous_3)
FN:50,(anonymous_4)
FN:96,render
FN:106,(anonymous_6)
FN:108,(anonymous_7)
FN:113,(anonymous_8)
FN:118,(anonymous_9)
FN:124,(anonymous_10)
FNF:11
FNH:5
FNDA:1,(anonymous_0)
FNDA:1,(anonymous_1)
FNDA:0,(anonymous_2)
FNDA:0,(anonymous_3)
FNDA:0,(anonymous_4)
FNDA:1,render
FNDA:1,(anonymous_6)
FNDA:0,(anonymous_7)
FNDA:0,(anonymous_8)
FNDA:0,(anonymous_9)
FNDA:1,(anonymous_10)
DA:4,1
DA:7,1
DA:15,1
DA:21,1
DA:28,1
DA:29,0
DA:30,0
DA:31,0
DA:32,0
DA:37,0
DA:46,0
DA:51,0
DA:56,0
DA:57,0
DA:58,0
DA:69,0
DA:80,0
DA:82,0
DA:89,1
DA:91,1
DA:94,1
DA:95,1
DA:97,1
DA:98,1
DA:99,1
DA:100,1
DA:101,1
DA:102,1
DA:106,1
DA:108,0
DA:113,0
DA:118,0
DA:124,1
DA:130,1
LF:34
LH:18
BRDA:28,0,0,0
BRDA:28,0,1,1
BRDA:57,1,0,0
BRDA:57,1,1,0
BRDA:108,2,0,1
BRDA:108,2,1,1
BRDA:113,3,0,1
BRDA:113,3,1,1
BRDA:118,4,0,1
BRDA:118,4,1,1
BRF:10
BRH:7
end_of_record
TN:
SF:src\components\TaskList.vue
FN:17,(anonymous_0)
FN:22,(anonymous_1)
FN:26,(anonymous_2)
FN:43,(anonymous_3)
FN:46,(anonymous_4)
FN:72,render
FN:80,(anonymous_6)
FN:81,(anonymous_7)
FN:81,(anonymous_8)
FN:98,(anonymous_9)
FN:100,(anonymous_10)
FN:104,(anonymous_11)
FN:112,(anonymous_12)
FN:114,(anonymous_13)
FN:117,(anonymous_14)
FNF:15
FNH:11
FNDA:1,(anonymous_0)
FNDA:1,(anonymous_1)
FNDA:1,(anonymous_2)
FNDA:0,(anonymous_3)
FNDA:0,(anonymous_4)
FNDA:1,render
FNDA:1,(anonymous_6)
FNDA:1,(anonymous_7)
FNDA:2,(anonymous_8)
FNDA:0,(anonymous_9)
FNDA:2,(anonymous_10)
FNDA:2,(anonymous_11)
FNDA:0,(anonymous_12)
FNDA:2,(anonymous_13)
FNDA:2,(anonymous_14)
DA:4,1
DA:7,1
DA:15,1
DA:18,1
DA:23,1
DA:27,1
DA:28,1
DA:38,0
DA:40,0
DA:44,0
DA:47,0
DA:57,0
DA:63,1
DA:65,1
DA:68,1
DA:69,1
DA:70,1
DA:73,1
DA:74,1
DA:75,1
DA:76,1
DA:77,1
DA:80,1
DA:81,1
DA:82,2
DA:98,0
DA:100,2
DA:104,2
DA:112,0
DA:114,2
DA:117,2
DA:130,1
LF:32
LH:25
BRDA:93,0,0,1
BRDA:93,0,1,1
BRDA:94,1,0,1
BRDA:94,1,1,1
BRF:4
BRH:4
end_of_record
